Timing Analyzer report for lab7_microphone
Sat May 13 18:37:21 2023
Quartus Prime Version 21.1.0 Build 842 10/21/2021 SJ Lite Edition


---------------------
; Table of Contents ;
---------------------
  1. Legal Notice
  2. Timing Analyzer Summary
  3. Parallel Compilation
  4. Clocks
  5. Slow 1200mV 85C Model Fmax Summary
  6. Slow 1200mV 85C Model Setup Summary
  7. Slow 1200mV 85C Model Hold Summary
  8. Slow 1200mV 85C Model Recovery Summary
  9. Slow 1200mV 85C Model Removal Summary
 10. Slow 1200mV 85C Model Minimum Pulse Width Summary
 11. Slow 1200mV 85C Model Metastability Summary
 12. Slow 1200mV 0C Model Fmax Summary
 13. Slow 1200mV 0C Model Setup Summary
 14. Slow 1200mV 0C Model Hold Summary
 15. Slow 1200mV 0C Model Recovery Summary
 16. Slow 1200mV 0C Model Removal Summary
 17. Slow 1200mV 0C Model Minimum Pulse Width Summary
 18. Slow 1200mV 0C Model Metastability Summary
 19. Fast 1200mV 0C Model Setup Summary
 20. Fast 1200mV 0C Model Hold Summary
 21. Fast 1200mV 0C Model Recovery Summary
 22. Fast 1200mV 0C Model Removal Summary
 23. Fast 1200mV 0C Model Minimum Pulse Width Summary
 24. Fast 1200mV 0C Model Metastability Summary
 25. Multicorner Timing Analysis Summary
 26. Board Trace Model Assignments
 27. Input Transition Times
 28. Signal Integrity Metrics (Slow 1200mv 0c Model)
 29. Signal Integrity Metrics (Slow 1200mv 85c Model)
 30. Signal Integrity Metrics (Fast 1200mv 0c Model)
 31. Setup Transfers
 32. Hold Transfers
 33. Report TCCS
 34. Report RSKM
 35. Unconstrained Paths Summary
 36. Clock Status Summary
 37. Unconstrained Input Ports
 38. Unconstrained Output Ports
 39. Unconstrained Input Ports
 40. Unconstrained Output Ports
 41. Timing Analyzer Messages



----------------
; Legal Notice ;
----------------
Copyright (C) 2021  Intel Corporation. All rights reserved.
Your use of Intel Corporation's design tools, logic functions 
and other software and tools, and any partner logic 
functions, and any output files from any of the foregoing 
(including device programming or simulation files), and any 
associated documentation or information are expressly subject 
to the terms and conditions of the Intel Program License 
Subscription Agreement, the Intel Quartus Prime License Agreement,
the Intel FPGA IP License Agreement, or other applicable license
agreement, including, without limitation, that your use is for
the sole purpose of programming logic devices manufactured by
Intel and sold by Intel or its authorized distributors.  Please
refer to the applicable agreement for further details, at
https://fpgasoftware.intel.com/eula.



+-----------------------------------------------------------------------------+
; Timing Analyzer Summary                                                     ;
+-----------------------+-----------------------------------------------------+
; Quartus Prime Version ; Version 21.1.0 Build 842 10/21/2021 SJ Lite Edition ;
; Timing Analyzer       ; Legacy Timing Analyzer                              ;
; Revision Name         ; lab7_microphone                                     ;
; Device Family         ; MAX 10                                              ;
; Device Name           ; 10M50DAF484C7G                                      ;
; Timing Models         ; Final                                               ;
; Delay Model           ; Combined                                            ;
; Rise/Fall Delays      ; Enabled                                             ;
+-----------------------+-----------------------------------------------------+


+------------------------------------------+
; Parallel Compilation                     ;
+----------------------------+-------------+
; Processors                 ; Number      ;
+----------------------------+-------------+
; Number detected on machine ; 8           ;
; Maximum allowed            ; 4           ;
;                            ;             ;
; Average used               ; 1.05        ;
; Maximum used               ; 4           ;
;                            ;             ;
; Usage by Processor         ; % Time Used ;
;     Processor 1            ; 100.0%      ;
;     Processor 2            ;   1.8%      ;
;     Processors 3-4         ;   1.6%      ;
+----------------------------+-------------+


+---------------------------------------------------------------------------------------------------------------------------------------------------------------------------------------------------------------------------------------------------------------------------------------------------------------------------------------------------+
; Clocks                                                                                                                                                                                                                                                                                                                                            ;
+------------------------------------------------------------+-----------+--------+-----------+-------+--------+------------+-----------+-------------+-------+--------+-----------+------------+----------+--------+--------------------------------------------------------------+----------------------------------------------------------------+
; Clock Name                                                 ; Type      ; Period ; Frequency ; Rise  ; Fall   ; Duty Cycle ; Divide by ; Multiply by ; Phase ; Offset ; Edge List ; Edge Shift ; Inverted ; Master ; Source                                                       ; Targets                                                        ;
+------------------------------------------------------------+-----------+--------+-----------+-------+--------+------------+-----------+-------------+-------+--------+-----------+------------+----------+--------+--------------------------------------------------------------+----------------------------------------------------------------+
; clk                                                        ; Base      ; 10.000 ; 100.0 MHz ; 0.000 ; 5.000  ;            ;           ;             ;       ;        ;           ;            ;          ;        ;                                                              ; { clk }                                                        ;
; UUT|adc_mega_0|ADC_CTRL|adc_pll|auto_generated|pll1|clk[0] ; Generated ; 20.000 ; 50.0 MHz  ; 0.000 ; 10.000 ; 50.00      ; 2         ; 1           ;       ;        ;           ;            ; false    ; clk    ; UUT|adc_mega_0|ADC_CTRL|adc_pll|auto_generated|pll1|inclk[0] ; { UUT|adc_mega_0|ADC_CTRL|adc_pll|auto_generated|pll1|clk[0] } ;
+------------------------------------------------------------+-----------+--------+-----------+-------+--------+------------+-----------+-------------+-------+--------+-----------+------------+----------+--------+--------------------------------------------------------------+----------------------------------------------------------------+


+--------------------------------------------------+
; Slow 1200mV 85C Model Fmax Summary               ;
+------------+-----------------+------------+------+
; Fmax       ; Restricted Fmax ; Clock Name ; Note ;
+------------+-----------------+------------+------+
; 219.54 MHz ; 219.54 MHz      ; clk        ;      ;
+------------+-----------------+------------+------+
This panel reports FMAX for every clock in the design, regardless of the user-specified clock periods.  FMAX is only computed for paths where the source and destination registers or ports are driven by the same clock.  Paths of different clocks, including generated clocks, are ignored.  For paths between a clock and its inversion, FMAX is computed as if the rising and falling edges are scaled along with FMAX, such that the duty cycle (in terms of a percentage) is maintained. Altera recommends that you always use clock constraints and other slack reports for sign-off analysis.


+---------------------------------------------------------------------------------------+
; Slow 1200mV 85C Model Setup Summary                                                   ;
+------------------------------------------------------------+----------+---------------+
; Clock                                                      ; Slack    ; End Point TNS ;
+------------------------------------------------------------+----------+---------------+
; clk                                                        ; -892.281 ; -8922.095     ;
; UUT|adc_mega_0|ADC_CTRL|adc_pll|auto_generated|pll1|clk[0] ; -11.228  ; -65.226       ;
+------------------------------------------------------------+----------+---------------+


+------------------------------------------------------------------------------------+
; Slow 1200mV 85C Model Hold Summary                                                 ;
+------------------------------------------------------------+-------+---------------+
; Clock                                                      ; Slack ; End Point TNS ;
+------------------------------------------------------------+-------+---------------+
; clk                                                        ; 0.297 ; 0.000         ;
; UUT|adc_mega_0|ADC_CTRL|adc_pll|auto_generated|pll1|clk[0] ; 5.948 ; 0.000         ;
+------------------------------------------------------------+-------+---------------+


------------------------------------------
; Slow 1200mV 85C Model Recovery Summary ;
------------------------------------------
No paths to report.


-----------------------------------------
; Slow 1200mV 85C Model Removal Summary ;
-----------------------------------------
No paths to report.


+------------------------------------------------------------------------------------+
; Slow 1200mV 85C Model Minimum Pulse Width Summary                                  ;
+------------------------------------------------------------+-------+---------------+
; Clock                                                      ; Slack ; End Point TNS ;
+------------------------------------------------------------+-------+---------------+
; clk                                                        ; 4.538 ; 0.000         ;
; UUT|adc_mega_0|ADC_CTRL|adc_pll|auto_generated|pll1|clk[0] ; 4.575 ; 0.000         ;
+------------------------------------------------------------+-------+---------------+


-----------------------------------------------
; Slow 1200mV 85C Model Metastability Summary ;
-----------------------------------------------
Worst-Case MTBF of Design is 1e+09 years or 3.15e+16 seconds.
Typical MTBF of Design is 1e+09 years or 3.15e+16 seconds.

Number of Synchronizer Chains Found: 2
Shortest Synchronizer Chain: 2 Registers
Fraction of Chains for which MTBFs Could Not be Calculated: 0.000
Worst Case Available Settling Time: 15.235 ns

Worst-Case MTBF values are calculated based on the worst-case silicon characteristics, with worst-case operating conditions.
  - Under worst-case conditions, an increase of 100ps in available settling time will increase MTBF values by a factor of 1.8
Typical MTBF values are calculated based on the nominal silicon characteristics, at nominal operating conditions.
  - Under typical conditions, an increase of 100ps in available settling time will increase MTBF values by a factor of 3.7



+--------------------------------------------------+
; Slow 1200mV 0C Model Fmax Summary                ;
+------------+-----------------+------------+------+
; Fmax       ; Restricted Fmax ; Clock Name ; Note ;
+------------+-----------------+------------+------+
; 237.87 MHz ; 237.87 MHz      ; clk        ;      ;
+------------+-----------------+------------+------+
This panel reports FMAX for every clock in the design, regardless of the user-specified clock periods.  FMAX is only computed for paths where the source and destination registers or ports are driven by the same clock.  Paths of different clocks, including generated clocks, are ignored.  For paths between a clock and its inversion, FMAX is computed as if the rising and falling edges are scaled along with FMAX, such that the duty cycle (in terms of a percentage) is maintained. Altera recommends that you always use clock constraints and other slack reports for sign-off analysis.


+---------------------------------------------------------------------------------------+
; Slow 1200mV 0C Model Setup Summary                                                    ;
+------------------------------------------------------------+----------+---------------+
; Clock                                                      ; Slack    ; End Point TNS ;
+------------------------------------------------------------+----------+---------------+
; clk                                                        ; -884.182 ; -8841.213     ;
; UUT|adc_mega_0|ADC_CTRL|adc_pll|auto_generated|pll1|clk[0] ; -9.854   ; -56.750       ;
+------------------------------------------------------------+----------+---------------+


+------------------------------------------------------------------------------------+
; Slow 1200mV 0C Model Hold Summary                                                  ;
+------------------------------------------------------------+-------+---------------+
; Clock                                                      ; Slack ; End Point TNS ;
+------------------------------------------------------------+-------+---------------+
; clk                                                        ; 0.297 ; 0.000         ;
; UUT|adc_mega_0|ADC_CTRL|adc_pll|auto_generated|pll1|clk[0] ; 4.612 ; 0.000         ;
+------------------------------------------------------------+-------+---------------+


-----------------------------------------
; Slow 1200mV 0C Model Recovery Summary ;
-----------------------------------------
No paths to report.


----------------------------------------
; Slow 1200mV 0C Model Removal Summary ;
----------------------------------------
No paths to report.


+------------------------------------------------------------------------------------+
; Slow 1200mV 0C Model Minimum Pulse Width Summary                                   ;
+------------------------------------------------------------+-------+---------------+
; Clock                                                      ; Slack ; End Point TNS ;
+------------------------------------------------------------+-------+---------------+
; clk                                                        ; 4.554 ; 0.000         ;
; UUT|adc_mega_0|ADC_CTRL|adc_pll|auto_generated|pll1|clk[0] ; 4.631 ; 0.000         ;
+------------------------------------------------------------+-------+---------------+


----------------------------------------------
; Slow 1200mV 0C Model Metastability Summary ;
----------------------------------------------
Worst-Case MTBF of Design is 1e+09 years or 3.15e+16 seconds.
Typical MTBF of Design is 1e+09 years or 3.15e+16 seconds.

Number of Synchronizer Chains Found: 2
Shortest Synchronizer Chain: 2 Registers
Fraction of Chains for which MTBFs Could Not be Calculated: 0.000
Worst Case Available Settling Time: 15.600 ns

Worst-Case MTBF values are calculated based on the worst-case silicon characteristics, with worst-case operating conditions.
  - Under worst-case conditions, an increase of 100ps in available settling time will increase MTBF values by a factor of 1.8
Typical MTBF values are calculated based on the nominal silicon characteristics, at nominal operating conditions.
  - Under typical conditions, an increase of 100ps in available settling time will increase MTBF values by a factor of 3.7



+---------------------------------------------------------------------------------------+
; Fast 1200mV 0C Model Setup Summary                                                    ;
+------------------------------------------------------------+----------+---------------+
; Clock                                                      ; Slack    ; End Point TNS ;
+------------------------------------------------------------+----------+---------------+
; clk                                                        ; -844.176 ; -8441.425     ;
; UUT|adc_mega_0|ADC_CTRL|adc_pll|auto_generated|pll1|clk[0] ; -3.675   ; -20.629       ;
+------------------------------------------------------------+----------+---------------+


+-------------------------------------------------------------------------------------+
; Fast 1200mV 0C Model Hold Summary                                                   ;
+------------------------------------------------------------+--------+---------------+
; Clock                                                      ; Slack  ; End Point TNS ;
+------------------------------------------------------------+--------+---------------+
; UUT|adc_mega_0|ADC_CTRL|adc_pll|auto_generated|pll1|clk[0] ; -0.288 ; -0.537        ;
; clk                                                        ; 0.119  ; 0.000         ;
+------------------------------------------------------------+--------+---------------+


-----------------------------------------
; Fast 1200mV 0C Model Recovery Summary ;
-----------------------------------------
No paths to report.


----------------------------------------
; Fast 1200mV 0C Model Removal Summary ;
----------------------------------------
No paths to report.


+------------------------------------------------------------------------------------+
; Fast 1200mV 0C Model Minimum Pulse Width Summary                                   ;
+------------------------------------------------------------+-------+---------------+
; Clock                                                      ; Slack ; End Point TNS ;
+------------------------------------------------------------+-------+---------------+
; clk                                                        ; 4.315 ; 0.000         ;
; UUT|adc_mega_0|ADC_CTRL|adc_pll|auto_generated|pll1|clk[0] ; 4.903 ; 0.000         ;
+------------------------------------------------------------+-------+---------------+


----------------------------------------------
; Fast 1200mV 0C Model Metastability Summary ;
----------------------------------------------
Worst-Case MTBF of Design is 1e+09 years or 3.15e+16 seconds.
Typical MTBF of Design is 1e+09 years or 3.15e+16 seconds.

Number of Synchronizer Chains Found: 2
Shortest Synchronizer Chain: 2 Registers
Fraction of Chains for which MTBFs Could Not be Calculated: 0.000
Worst Case Available Settling Time: 17.938 ns

Worst-Case MTBF values are calculated based on the worst-case silicon characteristics, with worst-case operating conditions.
  - Under worst-case conditions, an increase of 100ps in available settling time will increase MTBF values by a factor of 1.8
Typical MTBF values are calculated based on the nominal silicon characteristics, at nominal operating conditions.
  - Under typical conditions, an increase of 100ps in available settling time will increase MTBF values by a factor of 3.7



+-----------------------------------------------------------------------------------------------------------------------------+
; Multicorner Timing Analysis Summary                                                                                         ;
+-------------------------------------------------------------+-----------+--------+----------+---------+---------------------+
; Clock                                                       ; Setup     ; Hold   ; Recovery ; Removal ; Minimum Pulse Width ;
+-------------------------------------------------------------+-----------+--------+----------+---------+---------------------+
; Worst-case Slack                                            ; -892.281  ; -0.288 ; N/A      ; N/A     ; 4.315               ;
;  UUT|adc_mega_0|ADC_CTRL|adc_pll|auto_generated|pll1|clk[0] ; -11.228   ; -0.288 ; N/A      ; N/A     ; 4.575               ;
;  clk                                                        ; -892.281  ; 0.119  ; N/A      ; N/A     ; 4.315               ;
; Design-wide TNS                                             ; -8987.321 ; -0.537 ; 0.0      ; 0.0     ; 0.0                 ;
;  UUT|adc_mega_0|ADC_CTRL|adc_pll|auto_generated|pll1|clk[0] ; -65.226   ; -0.537 ; N/A      ; N/A     ; 0.000               ;
;  clk                                                        ; -8922.095 ; 0.000  ; N/A      ; N/A     ; 0.000               ;
+-------------------------------------------------------------+-----------+--------+----------+---------+---------------------+


+-----------------------------------------------------------------------------------------------------------------------------------------------------------------------------------------------------------------------------------------------------------------------------------------------------------------------------------------------------------------------------------------------------------------+
; Board Trace Model Assignments                                                                                                                                                                                                                                                                                                                                                                                   ;
+--------------+--------------+-------------------+-------------------------+-------------------------+---------------+---------------------+----------------+------------------+--------+------------------+------------------------+------------------------+--------------+---------------+-----------------+-------+---------------------+--------------------+---------------+-----------------+-------------+
; Pin          ; I/O Standard ; Near Tline Length ; Near Tline L per Length ; Near Tline C per Length ; Near Series R ; Near Differential R ; Near Pull-up R ; Near Pull-down R ; Near C ; Far Tline Length ; Far Tline L per Length ; Far Tline C per Length ; Far Series R ; Far Pull-up R ; Far Pull-down R ; Far C ; Termination Voltage ; Far Differential R ; EBD File Name ; EBD Signal Name ; EBD Far-end ;
+--------------+--------------+-------------------+-------------------------+-------------------------+---------------+---------------------+----------------+------------------+--------+------------------+------------------------+------------------------+--------------+---------------+-----------------+-------+---------------------+--------------------+---------------+-----------------+-------------+
; led[0]       ; 3.0-V LVTTL  ; 0 in              ; 0 H/in                  ; 0 F/in                  ; short         ; -                   ; open           ; open             ; open   ; 0 in             ; 0 H/in                 ; 0 F/in                 ; short        ; open          ; open            ; open  ; 0 V                 ; -                  ; n/a           ; n/a             ; n/a         ;
; led[1]       ; 3.0-V LVTTL  ; 0 in              ; 0 H/in                  ; 0 F/in                  ; short         ; -                   ; open           ; open             ; open   ; 0 in             ; 0 H/in                 ; 0 F/in                 ; short        ; open          ; open            ; open  ; 0 V                 ; -                  ; n/a           ; n/a             ; n/a         ;
; led[2]       ; 3.0-V LVTTL  ; 0 in              ; 0 H/in                  ; 0 F/in                  ; short         ; -                   ; open           ; open             ; open   ; 0 in             ; 0 H/in                 ; 0 F/in                 ; short        ; open          ; open            ; open  ; 0 V                 ; -                  ; n/a           ; n/a             ; n/a         ;
; led[3]       ; 3.0-V LVTTL  ; 0 in              ; 0 H/in                  ; 0 F/in                  ; short         ; -                   ; open           ; open             ; open   ; 0 in             ; 0 H/in                 ; 0 F/in                 ; short        ; open          ; open            ; open  ; 0 V                 ; -                  ; n/a           ; n/a             ; n/a         ;
; led[4]       ; 3.0-V LVTTL  ; 0 in              ; 0 H/in                  ; 0 F/in                  ; short         ; -                   ; open           ; open             ; open   ; 0 in             ; 0 H/in                 ; 0 F/in                 ; short        ; open          ; open            ; open  ; 0 V                 ; -                  ; n/a           ; n/a             ; n/a         ;
; led[5]       ; 3.0-V LVTTL  ; 0 in              ; 0 H/in                  ; 0 F/in                  ; short         ; -                   ; open           ; open             ; open   ; 0 in             ; 0 H/in                 ; 0 F/in                 ; short        ; open          ; open            ; open  ; 0 V                 ; -                  ; n/a           ; n/a             ; n/a         ;
; led[6]       ; 3.0-V LVTTL  ; 0 in              ; 0 H/in                  ; 0 F/in                  ; short         ; -                   ; open           ; open             ; open   ; 0 in             ; 0 H/in                 ; 0 F/in                 ; short        ; open          ; open            ; open  ; 0 V                 ; -                  ; n/a           ; n/a             ; n/a         ;
; led[7]       ; 3.0-V LVTTL  ; 0 in              ; 0 H/in                  ; 0 F/in                  ; short         ; -                   ; open           ; open             ; open   ; 0 in             ; 0 H/in                 ; 0 F/in                 ; short        ; open          ; open            ; open  ; 0 V                 ; -                  ; n/a           ; n/a             ; n/a         ;
; led[8]       ; 3.0-V LVTTL  ; 0 in              ; 0 H/in                  ; 0 F/in                  ; short         ; -                   ; open           ; open             ; open   ; 0 in             ; 0 H/in                 ; 0 F/in                 ; short        ; open          ; open            ; open  ; 0 V                 ; -                  ; n/a           ; n/a             ; n/a         ;
; led[9]       ; 3.0-V LVTTL  ; 0 in              ; 0 H/in                  ; 0 F/in                  ; short         ; -                   ; open           ; open             ; open   ; 0 in             ; 0 H/in                 ; 0 F/in                 ; short        ; open          ; open            ; open  ; 0 V                 ; -                  ; n/a           ; n/a             ; n/a         ;
; ~ALTERA_TDO~ ; 2.5 V        ; 0 in              ; 0 H/in                  ; 0 F/in                  ; short         ; -                   ; open           ; open             ; open   ; 0 in             ; 0 H/in                 ; 0 F/in                 ; short        ; open          ; open            ; open  ; 0 V                 ; -                  ; n/a           ; n/a             ; n/a         ;
+--------------+--------------+-------------------+-------------------------+-------------------------+---------------+---------------------+----------------+------------------+--------+------------------+------------------------+------------------------+--------------+---------------+-----------------+-------+---------------------+--------------------+---------------+-----------------+-------------+


+---------------------------------------------------------------------------------+
; Input Transition Times                                                          ;
+---------------------+-----------------------+-----------------+-----------------+
; Pin                 ; I/O Standard          ; 10-90 Rise Time ; 90-10 Fall Time ;
+---------------------+-----------------------+-----------------+-----------------+
; rst                 ; 3.0-V LVTTL           ; 2400 ps         ; 2400 ps         ;
; clk                 ; 3.0-V LVTTL           ; 2400 ps         ; 2400 ps         ;
; ~ALTERA_TMS~        ; 2.5 V Schmitt Trigger ; 2000 ps         ; 2000 ps         ;
; ~ALTERA_TCK~        ; 2.5 V Schmitt Trigger ; 2000 ps         ; 2000 ps         ;
; ~ALTERA_TDI~        ; 2.5 V Schmitt Trigger ; 2000 ps         ; 2000 ps         ;
; ~ALTERA_CONFIG_SEL~ ; 2.5 V                 ; 2000 ps         ; 2000 ps         ;
; ~ALTERA_nCONFIG~    ; 2.5 V Schmitt Trigger ; 2000 ps         ; 2000 ps         ;
; ~ALTERA_nSTATUS~    ; 2.5 V Schmitt Trigger ; 2000 ps         ; 2000 ps         ;
; ~ALTERA_CONF_DONE~  ; 2.5 V Schmitt Trigger ; 2000 ps         ; 2000 ps         ;
; ~ALTERA_ADC1IN1~    ; 2.5 V                 ; 2000 ps         ; 2000 ps         ;
; ~ALTERA_ADC2IN1~    ; 2.5 V                 ; 2000 ps         ; 2000 ps         ;
; ~ALTERA_ADC1IN2~    ; 2.5 V                 ; 2000 ps         ; 2000 ps         ;
; ~ALTERA_ADC2IN8~    ; 2.5 V                 ; 2000 ps         ; 2000 ps         ;
; ~ALTERA_ADC1IN3~    ; 2.5 V                 ; 2000 ps         ; 2000 ps         ;
; ~ALTERA_ADC2IN3~    ; 2.5 V                 ; 2000 ps         ; 2000 ps         ;
; ~ALTERA_ADC1IN4~    ; 2.5 V                 ; 2000 ps         ; 2000 ps         ;
; ~ALTERA_ADC2IN4~    ; 2.5 V                 ; 2000 ps         ; 2000 ps         ;
; ~ALTERA_ADC1IN5~    ; 2.5 V                 ; 2000 ps         ; 2000 ps         ;
; ~ALTERA_ADC2IN5~    ; 2.5 V                 ; 2000 ps         ; 2000 ps         ;
; ~ALTERA_ADC1IN6~    ; 2.5 V                 ; 2000 ps         ; 2000 ps         ;
; ~ALTERA_ADC2IN6~    ; 2.5 V                 ; 2000 ps         ; 2000 ps         ;
; ~ALTERA_ADC1IN7~    ; 2.5 V                 ; 2000 ps         ; 2000 ps         ;
; ~ALTERA_ADC2IN7~    ; 2.5 V                 ; 2000 ps         ; 2000 ps         ;
; ~ALTERA_ADC1IN8~    ; 2.5 V                 ; 2000 ps         ; 2000 ps         ;
; ~ALTERA_ADC2IN2~    ; 2.5 V                 ; 2000 ps         ; 2000 ps         ;
+---------------------+-----------------------+-----------------+-----------------+


+-------------------------------------------------------------------------------------------------------------------------------------------------------------------------------------------------------------------------------------------------------------------------------------------------------------------------------------------------------------------------------------------------------------------------------------------------------------------------------------------------------------------------------------------------------------------------------------------------------------------------------------------------------------------------------------------+
; Signal Integrity Metrics (Slow 1200mv 0c Model)                                                                                                                                                                                                                                                                                                                                                                                                                                                                                                                                                                                                                                           ;
+--------------+--------------+---------------------+---------------------+------------------------------+------------------------------+---------------------+---------------------+--------------------------------------+--------------------------------------+-----------------------------+-----------------------------+----------------------------+----------------------------+-----------------------------+-----------------------------+--------------------+--------------------+-------------------------------------+-------------------------------------+----------------------------+----------------------------+---------------------------+---------------------------+
; Pin          ; I/O Standard ; Board Delay on Rise ; Board Delay on Fall ; Steady State Voh at FPGA Pin ; Steady State Vol at FPGA Pin ; Voh Max at FPGA Pin ; Vol Min at FPGA Pin ; Ringback Voltage on Rise at FPGA Pin ; Ringback Voltage on Fall at FPGA Pin ; 10-90 Rise Time at FPGA Pin ; 90-10 Fall Time at FPGA Pin ; Monotonic Rise at FPGA Pin ; Monotonic Fall at FPGA Pin ; Steady State Voh at Far-end ; Steady State Vol at Far-end ; Voh Max at Far-end ; Vol Min at Far-end ; Ringback Voltage on Rise at Far-end ; Ringback Voltage on Fall at Far-end ; 10-90 Rise Time at Far-end ; 90-10 Fall Time at Far-end ; Monotonic Rise at Far-end ; Monotonic Fall at Far-end ;
+--------------+--------------+---------------------+---------------------+------------------------------+------------------------------+---------------------+---------------------+--------------------------------------+--------------------------------------+-----------------------------+-----------------------------+----------------------------+----------------------------+-----------------------------+-----------------------------+--------------------+--------------------+-------------------------------------+-------------------------------------+----------------------------+----------------------------+---------------------------+---------------------------+
; led[0]       ; 3.0-V LVTTL  ; 0 s                 ; 0 s                 ; 2.8 V                        ; 1.69e-08 V                   ; 2.91 V              ; -0.132 V            ; 0.348 V                              ; 0.195 V                              ; 3.03e-10 s                  ; 4.27e-10 s                  ; No                         ; No                         ; 2.8 V                       ; 1.69e-08 V                  ; 2.91 V             ; -0.132 V           ; 0.348 V                             ; 0.195 V                             ; 3.03e-10 s                 ; 4.27e-10 s                 ; No                        ; No                        ;
; led[1]       ; 3.0-V LVTTL  ; 0 s                 ; 0 s                 ; 2.8 V                        ; 1.69e-08 V                   ; 2.91 V              ; -0.132 V            ; 0.349 V                              ; 0.195 V                              ; 3.03e-10 s                  ; 4.27e-10 s                  ; No                         ; No                         ; 2.8 V                       ; 1.69e-08 V                  ; 2.91 V             ; -0.132 V           ; 0.349 V                             ; 0.195 V                             ; 3.03e-10 s                 ; 4.27e-10 s                 ; No                        ; No                        ;
; led[2]       ; 3.0-V LVTTL  ; 0 s                 ; 0 s                 ; 2.8 V                        ; 1.69e-08 V                   ; 2.91 V              ; -0.132 V            ; 0.348 V                              ; 0.195 V                              ; 3.03e-10 s                  ; 4.27e-10 s                  ; No                         ; No                         ; 2.8 V                       ; 1.69e-08 V                  ; 2.91 V             ; -0.132 V           ; 0.348 V                             ; 0.195 V                             ; 3.03e-10 s                 ; 4.27e-10 s                 ; No                        ; No                        ;
; led[3]       ; 3.0-V LVTTL  ; 0 s                 ; 0 s                 ; 2.8 V                        ; 1.69e-08 V                   ; 2.91 V              ; -0.132 V            ; 0.349 V                              ; 0.195 V                              ; 3.03e-10 s                  ; 4.27e-10 s                  ; No                         ; No                         ; 2.8 V                       ; 1.69e-08 V                  ; 2.91 V             ; -0.132 V           ; 0.349 V                             ; 0.195 V                             ; 3.03e-10 s                 ; 4.27e-10 s                 ; No                        ; No                        ;
; led[4]       ; 3.0-V LVTTL  ; 0 s                 ; 0 s                 ; 2.8 V                        ; 1.69e-08 V                   ; 2.91 V              ; -0.132 V            ; 0.348 V                              ; 0.195 V                              ; 3.03e-10 s                  ; 4.27e-10 s                  ; No                         ; No                         ; 2.8 V                       ; 1.69e-08 V                  ; 2.91 V             ; -0.132 V           ; 0.348 V                             ; 0.195 V                             ; 3.03e-10 s                 ; 4.27e-10 s                 ; No                        ; No                        ;
; led[5]       ; 3.0-V LVTTL  ; 0 s                 ; 0 s                 ; 2.8 V                        ; 1.69e-08 V                   ; 2.91 V              ; -0.132 V            ; 0.348 V                              ; 0.195 V                              ; 3.03e-10 s                  ; 4.27e-10 s                  ; No                         ; No                         ; 2.8 V                       ; 1.69e-08 V                  ; 2.91 V             ; -0.132 V           ; 0.348 V                             ; 0.195 V                             ; 3.03e-10 s                 ; 4.27e-10 s                 ; No                        ; No                        ;
; led[6]       ; 3.0-V LVTTL  ; 0 s                 ; 0 s                 ; 2.8 V                        ; 1.69e-08 V                   ; 2.91 V              ; -0.132 V            ; 0.348 V                              ; 0.195 V                              ; 3.03e-10 s                  ; 4.27e-10 s                  ; No                         ; No                         ; 2.8 V                       ; 1.69e-08 V                  ; 2.91 V             ; -0.132 V           ; 0.348 V                             ; 0.195 V                             ; 3.03e-10 s                 ; 4.27e-10 s                 ; No                        ; No                        ;
; led[7]       ; 3.0-V LVTTL  ; 0 s                 ; 0 s                 ; 2.8 V                        ; 1.69e-08 V                   ; 2.91 V              ; -0.132 V            ; 0.349 V                              ; 0.195 V                              ; 3.03e-10 s                  ; 4.27e-10 s                  ; No                         ; No                         ; 2.8 V                       ; 1.69e-08 V                  ; 2.91 V             ; -0.132 V           ; 0.349 V                             ; 0.195 V                             ; 3.03e-10 s                 ; 4.27e-10 s                 ; No                        ; No                        ;
; led[8]       ; 3.0-V LVTTL  ; 0 s                 ; 0 s                 ; 2.8 V                        ; 1.69e-08 V                   ; 2.91 V              ; -0.132 V            ; 0.349 V                              ; 0.195 V                              ; 3.03e-10 s                  ; 4.27e-10 s                  ; No                         ; No                         ; 2.8 V                       ; 1.69e-08 V                  ; 2.91 V             ; -0.132 V           ; 0.349 V                             ; 0.195 V                             ; 3.03e-10 s                 ; 4.27e-10 s                 ; No                        ; No                        ;
; led[9]       ; 3.0-V LVTTL  ; 0 s                 ; 0 s                 ; 2.8 V                        ; 1.69e-08 V                   ; 2.91 V              ; -0.132 V            ; 0.348 V                              ; 0.195 V                              ; 3.03e-10 s                  ; 4.27e-10 s                  ; No                         ; No                         ; 2.8 V                       ; 1.69e-08 V                  ; 2.91 V             ; -0.132 V           ; 0.348 V                             ; 0.195 V                             ; 3.03e-10 s                 ; 4.27e-10 s                 ; No                        ; No                        ;
; ~ALTERA_TDO~ ; 2.5 V        ; 0 s                 ; 0 s                 ; 2.32 V                       ; 1.39e-08 V                   ; 2.39 V              ; -0.0409 V           ; 0.21 V                               ; 0.121 V                              ; 4.7e-10 s                   ; 5.93e-10 s                  ; No                         ; Yes                        ; 2.32 V                      ; 1.39e-08 V                  ; 2.39 V             ; -0.0409 V          ; 0.21 V                              ; 0.121 V                             ; 4.7e-10 s                  ; 5.93e-10 s                 ; No                        ; Yes                       ;
+--------------+--------------+---------------------+---------------------+------------------------------+------------------------------+---------------------+---------------------+--------------------------------------+--------------------------------------+-----------------------------+-----------------------------+----------------------------+----------------------------+-----------------------------+-----------------------------+--------------------+--------------------+-------------------------------------+-------------------------------------+----------------------------+----------------------------+---------------------------+---------------------------+


+-------------------------------------------------------------------------------------------------------------------------------------------------------------------------------------------------------------------------------------------------------------------------------------------------------------------------------------------------------------------------------------------------------------------------------------------------------------------------------------------------------------------------------------------------------------------------------------------------------------------------------------------------------------------------------------------+
; Signal Integrity Metrics (Slow 1200mv 85c Model)                                                                                                                                                                                                                                                                                                                                                                                                                                                                                                                                                                                                                                          ;
+--------------+--------------+---------------------+---------------------+------------------------------+------------------------------+---------------------+---------------------+--------------------------------------+--------------------------------------+-----------------------------+-----------------------------+----------------------------+----------------------------+-----------------------------+-----------------------------+--------------------+--------------------+-------------------------------------+-------------------------------------+----------------------------+----------------------------+---------------------------+---------------------------+
; Pin          ; I/O Standard ; Board Delay on Rise ; Board Delay on Fall ; Steady State Voh at FPGA Pin ; Steady State Vol at FPGA Pin ; Voh Max at FPGA Pin ; Vol Min at FPGA Pin ; Ringback Voltage on Rise at FPGA Pin ; Ringback Voltage on Fall at FPGA Pin ; 10-90 Rise Time at FPGA Pin ; 90-10 Fall Time at FPGA Pin ; Monotonic Rise at FPGA Pin ; Monotonic Fall at FPGA Pin ; Steady State Voh at Far-end ; Steady State Vol at Far-end ; Voh Max at Far-end ; Vol Min at Far-end ; Ringback Voltage on Rise at Far-end ; Ringback Voltage on Fall at Far-end ; 10-90 Rise Time at Far-end ; 90-10 Fall Time at Far-end ; Monotonic Rise at Far-end ; Monotonic Fall at Far-end ;
+--------------+--------------+---------------------+---------------------+------------------------------+------------------------------+---------------------+---------------------+--------------------------------------+--------------------------------------+-----------------------------+-----------------------------+----------------------------+----------------------------+-----------------------------+-----------------------------+--------------------+--------------------+-------------------------------------+-------------------------------------+----------------------------+----------------------------+---------------------------+---------------------------+
; led[0]       ; 3.0-V LVTTL  ; 0 s                 ; 0 s                 ; 2.8 V                        ; 1.88e-06 V                   ; 2.87 V              ; -0.0701 V           ; 0.188 V                              ; 0.231 V                              ; 4.58e-10 s                  ; 4.51e-10 s                  ; No                         ; Yes                        ; 2.8 V                       ; 1.88e-06 V                  ; 2.87 V             ; -0.0701 V          ; 0.188 V                             ; 0.231 V                             ; 4.58e-10 s                 ; 4.51e-10 s                 ; No                        ; Yes                       ;
; led[1]       ; 3.0-V LVTTL  ; 0 s                 ; 0 s                 ; 2.8 V                        ; 1.88e-06 V                   ; 2.87 V              ; -0.0697 V           ; 0.188 V                              ; 0.232 V                              ; 4.58e-10 s                  ; 4.52e-10 s                  ; No                         ; Yes                        ; 2.8 V                       ; 1.88e-06 V                  ; 2.87 V             ; -0.0697 V          ; 0.188 V                             ; 0.232 V                             ; 4.58e-10 s                 ; 4.52e-10 s                 ; No                        ; Yes                       ;
; led[2]       ; 3.0-V LVTTL  ; 0 s                 ; 0 s                 ; 2.8 V                        ; 1.88e-06 V                   ; 2.87 V              ; -0.0701 V           ; 0.188 V                              ; 0.231 V                              ; 4.58e-10 s                  ; 4.51e-10 s                  ; No                         ; Yes                        ; 2.8 V                       ; 1.88e-06 V                  ; 2.87 V             ; -0.0701 V          ; 0.188 V                             ; 0.231 V                             ; 4.58e-10 s                 ; 4.51e-10 s                 ; No                        ; Yes                       ;
; led[3]       ; 3.0-V LVTTL  ; 0 s                 ; 0 s                 ; 2.8 V                        ; 1.88e-06 V                   ; 2.87 V              ; -0.0697 V           ; 0.188 V                              ; 0.232 V                              ; 4.58e-10 s                  ; 4.52e-10 s                  ; No                         ; Yes                        ; 2.8 V                       ; 1.88e-06 V                  ; 2.87 V             ; -0.0697 V          ; 0.188 V                             ; 0.232 V                             ; 4.58e-10 s                 ; 4.52e-10 s                 ; No                        ; Yes                       ;
; led[4]       ; 3.0-V LVTTL  ; 0 s                 ; 0 s                 ; 2.8 V                        ; 1.88e-06 V                   ; 2.87 V              ; -0.0701 V           ; 0.188 V                              ; 0.231 V                              ; 4.58e-10 s                  ; 4.51e-10 s                  ; No                         ; Yes                        ; 2.8 V                       ; 1.88e-06 V                  ; 2.87 V             ; -0.0701 V          ; 0.188 V                             ; 0.231 V                             ; 4.58e-10 s                 ; 4.51e-10 s                 ; No                        ; Yes                       ;
; led[5]       ; 3.0-V LVTTL  ; 0 s                 ; 0 s                 ; 2.8 V                        ; 1.88e-06 V                   ; 2.87 V              ; -0.0701 V           ; 0.188 V                              ; 0.231 V                              ; 4.58e-10 s                  ; 4.51e-10 s                  ; No                         ; Yes                        ; 2.8 V                       ; 1.88e-06 V                  ; 2.87 V             ; -0.0701 V          ; 0.188 V                             ; 0.231 V                             ; 4.58e-10 s                 ; 4.51e-10 s                 ; No                        ; Yes                       ;
; led[6]       ; 3.0-V LVTTL  ; 0 s                 ; 0 s                 ; 2.8 V                        ; 1.88e-06 V                   ; 2.87 V              ; -0.0701 V           ; 0.188 V                              ; 0.231 V                              ; 4.58e-10 s                  ; 4.51e-10 s                  ; No                         ; Yes                        ; 2.8 V                       ; 1.88e-06 V                  ; 2.87 V             ; -0.0701 V          ; 0.188 V                             ; 0.231 V                             ; 4.58e-10 s                 ; 4.51e-10 s                 ; No                        ; Yes                       ;
; led[7]       ; 3.0-V LVTTL  ; 0 s                 ; 0 s                 ; 2.8 V                        ; 1.88e-06 V                   ; 2.87 V              ; -0.0697 V           ; 0.188 V                              ; 0.232 V                              ; 4.58e-10 s                  ; 4.52e-10 s                  ; No                         ; Yes                        ; 2.8 V                       ; 1.88e-06 V                  ; 2.87 V             ; -0.0697 V          ; 0.188 V                             ; 0.232 V                             ; 4.58e-10 s                 ; 4.52e-10 s                 ; No                        ; Yes                       ;
; led[8]       ; 3.0-V LVTTL  ; 0 s                 ; 0 s                 ; 2.8 V                        ; 1.88e-06 V                   ; 2.87 V              ; -0.0697 V           ; 0.188 V                              ; 0.232 V                              ; 4.58e-10 s                  ; 4.52e-10 s                  ; No                         ; Yes                        ; 2.8 V                       ; 1.88e-06 V                  ; 2.87 V             ; -0.0697 V          ; 0.188 V                             ; 0.232 V                             ; 4.58e-10 s                 ; 4.52e-10 s                 ; No                        ; Yes                       ;
; led[9]       ; 3.0-V LVTTL  ; 0 s                 ; 0 s                 ; 2.8 V                        ; 1.88e-06 V                   ; 2.87 V              ; -0.0701 V           ; 0.188 V                              ; 0.231 V                              ; 4.58e-10 s                  ; 4.51e-10 s                  ; No                         ; Yes                        ; 2.8 V                       ; 1.88e-06 V                  ; 2.87 V             ; -0.0701 V          ; 0.188 V                             ; 0.231 V                             ; 4.58e-10 s                 ; 4.51e-10 s                 ; No                        ; Yes                       ;
; ~ALTERA_TDO~ ; 2.5 V        ; 0 s                 ; 0 s                 ; 2.32 V                       ; 1.97e-06 V                   ; 2.36 V              ; -0.0173 V           ; 0.144 V                              ; 0.094 V                              ; 6.44e-10 s                  ; 7.2e-10 s                   ; No                         ; Yes                        ; 2.32 V                      ; 1.97e-06 V                  ; 2.36 V             ; -0.0173 V          ; 0.144 V                             ; 0.094 V                             ; 6.44e-10 s                 ; 7.2e-10 s                  ; No                        ; Yes                       ;
+--------------+--------------+---------------------+---------------------+------------------------------+------------------------------+---------------------+---------------------+--------------------------------------+--------------------------------------+-----------------------------+-----------------------------+----------------------------+----------------------------+-----------------------------+-----------------------------+--------------------+--------------------+-------------------------------------+-------------------------------------+----------------------------+----------------------------+---------------------------+---------------------------+


+-------------------------------------------------------------------------------------------------------------------------------------------------------------------------------------------------------------------------------------------------------------------------------------------------------------------------------------------------------------------------------------------------------------------------------------------------------------------------------------------------------------------------------------------------------------------------------------------------------------------------------------------------------------------------------------------+
; Signal Integrity Metrics (Fast 1200mv 0c Model)                                                                                                                                                                                                                                                                                                                                                                                                                                                                                                                                                                                                                                           ;
+--------------+--------------+---------------------+---------------------+------------------------------+------------------------------+---------------------+---------------------+--------------------------------------+--------------------------------------+-----------------------------+-----------------------------+----------------------------+----------------------------+-----------------------------+-----------------------------+--------------------+--------------------+-------------------------------------+-------------------------------------+----------------------------+----------------------------+---------------------------+---------------------------+
; Pin          ; I/O Standard ; Board Delay on Rise ; Board Delay on Fall ; Steady State Voh at FPGA Pin ; Steady State Vol at FPGA Pin ; Voh Max at FPGA Pin ; Vol Min at FPGA Pin ; Ringback Voltage on Rise at FPGA Pin ; Ringback Voltage on Fall at FPGA Pin ; 10-90 Rise Time at FPGA Pin ; 90-10 Fall Time at FPGA Pin ; Monotonic Rise at FPGA Pin ; Monotonic Fall at FPGA Pin ; Steady State Voh at Far-end ; Steady State Vol at Far-end ; Voh Max at Far-end ; Vol Min at Far-end ; Ringback Voltage on Rise at Far-end ; Ringback Voltage on Fall at Far-end ; 10-90 Rise Time at Far-end ; 90-10 Fall Time at Far-end ; Monotonic Rise at Far-end ; Monotonic Fall at Far-end ;
+--------------+--------------+---------------------+---------------------+------------------------------+------------------------------+---------------------+---------------------+--------------------------------------+--------------------------------------+-----------------------------+-----------------------------+----------------------------+----------------------------+-----------------------------+-----------------------------+--------------------+--------------------+-------------------------------------+-------------------------------------+----------------------------+----------------------------+---------------------------+---------------------------+
; led[0]       ; 3.0-V LVTTL  ; 0 s                 ; 0 s                 ; 3.15 V                       ; 2.28e-07 V                   ; 3.33 V              ; -0.0186 V           ; 0.313 V                              ; 0.033 V                              ; 2.69e-10 s                  ; 2.95e-10 s                  ; No                         ; Yes                        ; 3.15 V                      ; 2.28e-07 V                  ; 3.33 V             ; -0.0186 V          ; 0.313 V                             ; 0.033 V                             ; 2.69e-10 s                 ; 2.95e-10 s                 ; No                        ; Yes                       ;
; led[1]       ; 3.0-V LVTTL  ; 0 s                 ; 0 s                 ; 3.15 V                       ; 2.28e-07 V                   ; 3.33 V              ; -0.0188 V           ; 0.313 V                              ; 0.033 V                              ; 2.69e-10 s                  ; 2.95e-10 s                  ; No                         ; Yes                        ; 3.15 V                      ; 2.28e-07 V                  ; 3.33 V             ; -0.0188 V          ; 0.313 V                             ; 0.033 V                             ; 2.69e-10 s                 ; 2.95e-10 s                 ; No                        ; Yes                       ;
; led[2]       ; 3.0-V LVTTL  ; 0 s                 ; 0 s                 ; 3.15 V                       ; 2.28e-07 V                   ; 3.33 V              ; -0.0186 V           ; 0.313 V                              ; 0.033 V                              ; 2.69e-10 s                  ; 2.95e-10 s                  ; No                         ; Yes                        ; 3.15 V                      ; 2.28e-07 V                  ; 3.33 V             ; -0.0186 V          ; 0.313 V                             ; 0.033 V                             ; 2.69e-10 s                 ; 2.95e-10 s                 ; No                        ; Yes                       ;
; led[3]       ; 3.0-V LVTTL  ; 0 s                 ; 0 s                 ; 3.15 V                       ; 2.28e-07 V                   ; 3.33 V              ; -0.0188 V           ; 0.313 V                              ; 0.033 V                              ; 2.69e-10 s                  ; 2.95e-10 s                  ; No                         ; Yes                        ; 3.15 V                      ; 2.28e-07 V                  ; 3.33 V             ; -0.0188 V          ; 0.313 V                             ; 0.033 V                             ; 2.69e-10 s                 ; 2.95e-10 s                 ; No                        ; Yes                       ;
; led[4]       ; 3.0-V LVTTL  ; 0 s                 ; 0 s                 ; 3.15 V                       ; 2.28e-07 V                   ; 3.33 V              ; -0.0186 V           ; 0.313 V                              ; 0.033 V                              ; 2.69e-10 s                  ; 2.95e-10 s                  ; No                         ; Yes                        ; 3.15 V                      ; 2.28e-07 V                  ; 3.33 V             ; -0.0186 V          ; 0.313 V                             ; 0.033 V                             ; 2.69e-10 s                 ; 2.95e-10 s                 ; No                        ; Yes                       ;
; led[5]       ; 3.0-V LVTTL  ; 0 s                 ; 0 s                 ; 3.15 V                       ; 2.28e-07 V                   ; 3.33 V              ; -0.0186 V           ; 0.313 V                              ; 0.033 V                              ; 2.69e-10 s                  ; 2.95e-10 s                  ; No                         ; Yes                        ; 3.15 V                      ; 2.28e-07 V                  ; 3.33 V             ; -0.0186 V          ; 0.313 V                             ; 0.033 V                             ; 2.69e-10 s                 ; 2.95e-10 s                 ; No                        ; Yes                       ;
; led[6]       ; 3.0-V LVTTL  ; 0 s                 ; 0 s                 ; 3.15 V                       ; 2.28e-07 V                   ; 3.33 V              ; -0.0186 V           ; 0.313 V                              ; 0.033 V                              ; 2.69e-10 s                  ; 2.95e-10 s                  ; No                         ; Yes                        ; 3.15 V                      ; 2.28e-07 V                  ; 3.33 V             ; -0.0186 V          ; 0.313 V                             ; 0.033 V                             ; 2.69e-10 s                 ; 2.95e-10 s                 ; No                        ; Yes                       ;
; led[7]       ; 3.0-V LVTTL  ; 0 s                 ; 0 s                 ; 3.15 V                       ; 2.28e-07 V                   ; 3.33 V              ; -0.0188 V           ; 0.313 V                              ; 0.033 V                              ; 2.69e-10 s                  ; 2.95e-10 s                  ; No                         ; Yes                        ; 3.15 V                      ; 2.28e-07 V                  ; 3.33 V             ; -0.0188 V          ; 0.313 V                             ; 0.033 V                             ; 2.69e-10 s                 ; 2.95e-10 s                 ; No                        ; Yes                       ;
; led[8]       ; 3.0-V LVTTL  ; 0 s                 ; 0 s                 ; 3.15 V                       ; 2.28e-07 V                   ; 3.33 V              ; -0.0188 V           ; 0.313 V                              ; 0.033 V                              ; 2.69e-10 s                  ; 2.95e-10 s                  ; No                         ; Yes                        ; 3.15 V                      ; 2.28e-07 V                  ; 3.33 V             ; -0.0188 V          ; 0.313 V                             ; 0.033 V                             ; 2.69e-10 s                 ; 2.95e-10 s                 ; No                        ; Yes                       ;
; led[9]       ; 3.0-V LVTTL  ; 0 s                 ; 0 s                 ; 3.15 V                       ; 2.28e-07 V                   ; 3.33 V              ; -0.0186 V           ; 0.313 V                              ; 0.033 V                              ; 2.69e-10 s                  ; 2.95e-10 s                  ; No                         ; Yes                        ; 3.15 V                      ; 2.28e-07 V                  ; 3.33 V             ; -0.0186 V          ; 0.313 V                             ; 0.033 V                             ; 2.69e-10 s                 ; 2.95e-10 s                 ; No                        ; Yes                       ;
; ~ALTERA_TDO~ ; 2.5 V        ; 0 s                 ; 0 s                 ; 2.62 V                       ; 1.68e-07 V                   ; 2.73 V              ; -0.0395 V           ; 0.361 V                              ; 0.109 V                              ; 3.1e-10 s                   ; 4.41e-10 s                  ; No                         ; Yes                        ; 2.62 V                      ; 1.68e-07 V                  ; 2.73 V             ; -0.0395 V          ; 0.361 V                             ; 0.109 V                             ; 3.1e-10 s                  ; 4.41e-10 s                 ; No                        ; Yes                       ;
+--------------+--------------+---------------------+---------------------+------------------------------+------------------------------+---------------------+---------------------+--------------------------------------+--------------------------------------+-----------------------------+-----------------------------+----------------------------+----------------------------+-----------------------------+-----------------------------+--------------------+--------------------+-------------------------------------+-------------------------------------+----------------------------+----------------------------+---------------------------+---------------------------+


+---------------------------------------------------------------------------------------------------------------------------------------------------------------------+
; Setup Transfers                                                                                                                                                     ;
+------------------------------------------------------------+------------------------------------------------------------+----------+----------+----------+----------+
; From Clock                                                 ; To Clock                                                   ; RR Paths ; FR Paths ; RF Paths ; FF Paths ;
+------------------------------------------------------------+------------------------------------------------------------+----------+----------+----------+----------+
; clk                                                        ; clk                                                        ; 749      ; 0        ; 0        ; 0        ;
; UUT|adc_mega_0|ADC_CTRL|adc_pll|auto_generated|pll1|clk[0] ; clk                                                        ; 12       ; 1        ; 0        ; 0        ;
; clk                                                        ; UUT|adc_mega_0|ADC_CTRL|adc_pll|auto_generated|pll1|clk[0] ; 9        ; 0        ; 0        ; 0        ;
+------------------------------------------------------------+------------------------------------------------------------+----------+----------+----------+----------+
Entries labeled "false path" only account for clock-to-clock false paths and not path-based false paths. As a result, actual path counts may be lower than reported.


+---------------------------------------------------------------------------------------------------------------------------------------------------------------------+
; Hold Transfers                                                                                                                                                      ;
+------------------------------------------------------------+------------------------------------------------------------+----------+----------+----------+----------+
; From Clock                                                 ; To Clock                                                   ; RR Paths ; FR Paths ; RF Paths ; FF Paths ;
+------------------------------------------------------------+------------------------------------------------------------+----------+----------+----------+----------+
; clk                                                        ; clk                                                        ; 749      ; 0        ; 0        ; 0        ;
; UUT|adc_mega_0|ADC_CTRL|adc_pll|auto_generated|pll1|clk[0] ; clk                                                        ; 12       ; 1        ; 0        ; 0        ;
; clk                                                        ; UUT|adc_mega_0|ADC_CTRL|adc_pll|auto_generated|pll1|clk[0] ; 9        ; 0        ; 0        ; 0        ;
+------------------------------------------------------------+------------------------------------------------------------+----------+----------+----------+----------+
Entries labeled "false path" only account for clock-to-clock false paths and not path-based false paths. As a result, actual path counts may be lower than reported.


---------------
; Report TCCS ;
---------------
No dedicated SERDES Transmitter circuitry present in device or used in design


---------------
; Report RSKM ;
---------------
No non-DPA dedicated SERDES Receiver circuitry present in device or used in design


+------------------------------------------------+
; Unconstrained Paths Summary                    ;
+---------------------------------+-------+------+
; Property                        ; Setup ; Hold ;
+---------------------------------+-------+------+
; Illegal Clocks                  ; 0     ; 0    ;
; Unconstrained Clocks            ; 0     ; 0    ;
; Unconstrained Input Ports       ; 1     ; 1    ;
; Unconstrained Input Port Paths  ; 99    ; 99   ;
; Unconstrained Output Ports      ; 10    ; 10   ;
; Unconstrained Output Port Paths ; 56    ; 56   ;
+---------------------------------+-------+------+


+---------------------------------------------------------------------------------------------------------------------------------------------------+
; Clock Status Summary                                                                                                                              ;
+------------------------------------------------------------+------------------------------------------------------------+-----------+-------------+
; Target                                                     ; Clock                                                      ; Type      ; Status      ;
+------------------------------------------------------------+------------------------------------------------------------+-----------+-------------+
; UUT|adc_mega_0|ADC_CTRL|adc_pll|auto_generated|pll1|clk[0] ; UUT|adc_mega_0|ADC_CTRL|adc_pll|auto_generated|pll1|clk[0] ; Generated ; Constrained ;
; clk                                                        ; clk                                                        ; Base      ; Constrained ;
+------------------------------------------------------------+------------------------------------------------------------+-----------+-------------+


+------------------------------------+
; Unconstrained Input Ports          ;
+------------+-----------------------+
; Input Port ; Comment               ;
+------------+-----------------------+
; rst        ; Partially constrained ;
+------------+-----------------------+


+-----------------------------------------------------------------------------------------------------+
; Unconstrained Output Ports                                                                          ;
+-------------+---------------------------------------------------------------------------------------+
; Output Port ; Comment                                                                               ;
+-------------+---------------------------------------------------------------------------------------+
; led[0]      ; No output delay, min/max delays, false-path exceptions, or max skew assignments found ;
; led[1]      ; No output delay, min/max delays, false-path exceptions, or max skew assignments found ;
; led[2]      ; No output delay, min/max delays, false-path exceptions, or max skew assignments found ;
; led[3]      ; No output delay, min/max delays, false-path exceptions, or max skew assignments found ;
; led[4]      ; No output delay, min/max delays, false-path exceptions, or max skew assignments found ;
; led[5]      ; No output delay, min/max delays, false-path exceptions, or max skew assignments found ;
; led[6]      ; No output delay, min/max delays, false-path exceptions, or max skew assignments found ;
; led[7]      ; No output delay, min/max delays, false-path exceptions, or max skew assignments found ;
; led[8]      ; No output delay, min/max delays, false-path exceptions, or max skew assignments found ;
; led[9]      ; No output delay, min/max delays, false-path exceptions, or max skew assignments found ;
+-------------+---------------------------------------------------------------------------------------+


+------------------------------------+
; Unconstrained Input Ports          ;
+------------+-----------------------+
; Input Port ; Comment               ;
+------------+-----------------------+
; rst        ; Partially constrained ;
+------------+-----------------------+


+-----------------------------------------------------------------------------------------------------+
; Unconstrained Output Ports                                                                          ;
+-------------+---------------------------------------------------------------------------------------+
; Output Port ; Comment                                                                               ;
+-------------+---------------------------------------------------------------------------------------+
; led[0]      ; No output delay, min/max delays, false-path exceptions, or max skew assignments found ;
; led[1]      ; No output delay, min/max delays, false-path exceptions, or max skew assignments found ;
; led[2]      ; No output delay, min/max delays, false-path exceptions, or max skew assignments found ;
; led[3]      ; No output delay, min/max delays, false-path exceptions, or max skew assignments found ;
; led[4]      ; No output delay, min/max delays, false-path exceptions, or max skew assignments found ;
; led[5]      ; No output delay, min/max delays, false-path exceptions, or max skew assignments found ;
; led[6]      ; No output delay, min/max delays, false-path exceptions, or max skew assignments found ;
; led[7]      ; No output delay, min/max delays, false-path exceptions, or max skew assignments found ;
; led[8]      ; No output delay, min/max delays, false-path exceptions, or max skew assignments found ;
; led[9]      ; No output delay, min/max delays, false-path exceptions, or max skew assignments found ;
+-------------+---------------------------------------------------------------------------------------+


+--------------------------+
; Timing Analyzer Messages ;
+--------------------------+
Info: *******************************************************************
Info: Running Quartus Prime Timing Analyzer
    Info: Version 21.1.0 Build 842 10/21/2021 SJ Lite Edition
    Info: Processing started: Sat May 13 18:37:15 2023
Info: Command: quartus_sta lab7_microphone -c lab7_microphone
Info: qsta_default_script.tcl version: #1
Warning (18236): Number of processors has not been specified which may cause overloading on shared machines.  Set the global assignment NUM_PARALLEL_PROCESSORS in your QSF to an appropriate value for best performance.
Info (20030): Parallel compilation is enabled and will use 4 of the 4 processors detected
Info (21077): Low junction temperature is 0 degrees C
Info (21077): High junction temperature is 85 degrees C
Info (332164): Evaluating HDL-embedded SDC commands
    Info (332165): Entity altera_std_synchronizer
        Info (332166): set_false_path -to [get_keepers {*altera_std_synchronizer:*|din_s1}]
Critical Warning (332012): Synopsys Design Constraints File file not found: 'lab7_microphone.sdc'. A Synopsys Design Constraints File is required by the Timing Analyzer to get proper timing constraints. Without it, the Compiler will not properly optimize the design.
Info (332142): No user constrained generated clocks found in the design. Calling "derive_pll_clocks -create_base_clocks"
Info (332110): Deriving PLL clocks
    Info (332110): create_clock -period 10.000 -waveform {0.000 5.000} -name clk clk
    Info (332110): create_generated_clock -source {UUT|adc_mega_0|ADC_CTRL|adc_pll|auto_generated|pll1|inclk[0]} -divide_by 2 -duty_cycle 50.00 -name {UUT|adc_mega_0|ADC_CTRL|adc_pll|auto_generated|pll1|clk[0]} {UUT|adc_mega_0|ADC_CTRL|adc_pll|auto_generated|pll1|clk[0]}
Info (332142): No user constrained base clocks found in the design. Calling "derive_clocks -period 1.0"
Info (332096): The command derive_clocks did not find any clocks to derive.  No clocks were created or changed.
Info (332097): The following timing edges are non-unate.  The Timing Analyzer will assume pos-unate behavior for these edges in the clock network.
    Info (332098): From: UUT|adc_mega_0|ADC_CTRL|max10_adc_core|control_internal|adc_inst|adcblock_instance|primitive_instance|clkin_from_pll_c0  to: adc_microphone:UUT|adc_microphone_adc_mega_0:adc_mega_0|altera_up_avalon_adv_adc:ADC_CTRL|DE10_Lite_ADC_Core_modular_adc_0:max10_adc_core|altera_modular_adc_control:control_internal|fiftyfivenm_adcblock_top_wrapper:adc_inst|fiftyfivenm_adcblock_primitive_wrapper:adcblock_instance|eoc
Info (332143): No user constrained clock uncertainty found in the design. Calling "derive_clock_uncertainty"
Info (332123): Deriving Clock Uncertainty. Please refer to report_sdc in the Timing Analyzer to see clock uncertainties.
Info: Found TIMING_ANALYZER_REPORT_SCRIPT_INCLUDE_DEFAULT_ANALYSIS = ON
Info: Analyzing Slow 1200mV 85C Model
Info: Can't run Report Timing Closure Recommendations. The current device family is not supported.
Critical Warning (332148): Timing requirements not met
Info (332146): Worst-case setup slack is -892.281
    Info (332119):     Slack       End Point TNS Clock 
    Info (332119): ========= =================== =====================
    Info (332119):  -892.281           -8922.095 clk 
    Info (332119):   -11.228             -65.226 UUT|adc_mega_0|ADC_CTRL|adc_pll|auto_generated|pll1|clk[0] 
Info (332146): Worst-case hold slack is 0.297
    Info (332119):     Slack       End Point TNS Clock 
    Info (332119): ========= =================== =====================
    Info (332119):     0.297               0.000 clk 
    Info (332119):     5.948               0.000 UUT|adc_mega_0|ADC_CTRL|adc_pll|auto_generated|pll1|clk[0] 
Info (332140): No Recovery paths to report
Info (332140): No Removal paths to report
Info (332146): Worst-case minimum pulse width slack is 4.538
    Info (332119):     Slack       End Point TNS Clock 
    Info (332119): ========= =================== =====================
    Info (332119):     4.538               0.000 clk 
    Info (332119):     4.575               0.000 UUT|adc_mega_0|ADC_CTRL|adc_pll|auto_generated|pll1|clk[0] 
Info (332114): Report Metastability: Found 2 synchronizer chains.
    Info (332114): Worst-Case MTBF of Design is 1e+09 years or 3.15e+16 seconds.
    Info (332114): Typical MTBF of Design is 1e+09 years or 3.15e+16 seconds.

    Info (332114): Number of Synchronizer Chains Found: 2
    Info (332114): Shortest Synchronizer Chain: 2 Registers
    Info (332114): Fraction of Chains for which MTBFs Could Not be Calculated: 0.000
    Info (332114): Worst Case Available Settling Time: 15.235 ns
    Info (332114): 
    Info (332114): Worst-Case MTBF values are calculated based on the worst-case silicon characteristics, with worst-case operating conditions.
    Info (332114):   - Under worst-case conditions, an increase of 100ps in available settling time will increase MTBF values by a factor of 1.8
    Info (332114): Typical MTBF values are calculated based on the nominal silicon characteristics, at nominal operating conditions.
    Info (332114):   - Under typical conditions, an increase of 100ps in available settling time will increase MTBF values by a factor of 3.7
Info: Analyzing Slow 1200mV 0C Model
Info (334003): Started post-fitting delay annotation
Info (334004): Delay annotation completed successfully
Info (332097): The following timing edges are non-unate.  The Timing Analyzer will assume pos-unate behavior for these edges in the clock network.
    Info (332098): From: UUT|adc_mega_0|ADC_CTRL|max10_adc_core|control_internal|adc_inst|adcblock_instance|primitive_instance|clkin_from_pll_c0  to: adc_microphone:UUT|adc_microphone_adc_mega_0:adc_mega_0|altera_up_avalon_adv_adc:ADC_CTRL|DE10_Lite_ADC_Core_modular_adc_0:max10_adc_core|altera_modular_adc_control:control_internal|fiftyfivenm_adcblock_top_wrapper:adc_inst|fiftyfivenm_adcblock_primitive_wrapper:adcblock_instance|eoc
Info (332123): Deriving Clock Uncertainty. Please refer to report_sdc in the Timing Analyzer to see clock uncertainties.
Critical Warning (332148): Timing requirements not met
Info (332146): Worst-case setup slack is -884.182
    Info (332119):     Slack       End Point TNS Clock 
    Info (332119): ========= =================== =====================
    Info (332119):  -884.182           -8841.213 clk 
    Info (332119):    -9.854             -56.750 UUT|adc_mega_0|ADC_CTRL|adc_pll|auto_generated|pll1|clk[0] 
Info (332146): Worst-case hold slack is 0.297
    Info (332119):     Slack       End Point TNS Clock 
    Info (332119): ========= =================== =====================
    Info (332119):     0.297               0.000 clk 
    Info (332119):     4.612               0.000 UUT|adc_mega_0|ADC_CTRL|adc_pll|auto_generated|pll1|clk[0] 
Info (332140): No Recovery paths to report
Info (332140): No Removal paths to report
Info (332146): Worst-case minimum pulse width slack is 4.554
    Info (332119):     Slack       End Point TNS Clock 
    Info (332119): ========= =================== =====================
    Info (332119):     4.554               0.000 clk 
    Info (332119):     4.631               0.000 UUT|adc_mega_0|ADC_CTRL|adc_pll|auto_generated|pll1|clk[0] 
Info (332114): Report Metastability: Found 2 synchronizer chains.
    Info (332114): Worst-Case MTBF of Design is 1e+09 years or 3.15e+16 seconds.
    Info (332114): Typical MTBF of Design is 1e+09 years or 3.15e+16 seconds.

    Info (332114): Number of Synchronizer Chains Found: 2
    Info (332114): Shortest Synchronizer Chain: 2 Registers
    Info (332114): Fraction of Chains for which MTBFs Could Not be Calculated: 0.000
    Info (332114): Worst Case Available Settling Time: 15.600 ns
    Info (332114): 
    Info (332114): Worst-Case MTBF values are calculated based on the worst-case silicon characteristics, with worst-case operating conditions.
    Info (332114):   - Under worst-case conditions, an increase of 100ps in available settling time will increase MTBF values by a factor of 1.8
    Info (332114): Typical MTBF values are calculated based on the nominal silicon characteristics, at nominal operating conditions.
    Info (332114):   - Under typical conditions, an increase of 100ps in available settling time will increase MTBF values by a factor of 3.7
Info: Analyzing Fast 1200mV 0C Model
Info (332097): The following timing edges are non-unate.  The Timing Analyzer will assume pos-unate behavior for these edges in the clock network.
    Info (332098): From: UUT|adc_mega_0|ADC_CTRL|max10_adc_core|control_internal|adc_inst|adcblock_instance|primitive_instance|clkin_from_pll_c0  to: adc_microphone:UUT|adc_microphone_adc_mega_0:adc_mega_0|altera_up_avalon_adv_adc:ADC_CTRL|DE10_Lite_ADC_Core_modular_adc_0:max10_adc_core|altera_modular_adc_control:control_internal|fiftyfivenm_adcblock_top_wrapper:adc_inst|fiftyfivenm_adcblock_primitive_wrapper:adcblock_instance|eoc
Info (332123): Deriving Clock Uncertainty. Please refer to report_sdc in the Timing Analyzer to see clock uncertainties.
Critical Warning (332148): Timing requirements not met
Info (332146): Worst-case setup slack is -844.176
    Info (332119):     Slack       End Point TNS Clock 
    Info (332119): ========= =================== =====================
    Info (332119):  -844.176           -8441.425 clk 
    Info (332119):    -3.675             -20.629 UUT|adc_mega_0|ADC_CTRL|adc_pll|auto_generated|pll1|clk[0] 
Info (332146): Worst-case hold slack is -0.288
    Info (332119):     Slack       End Point TNS Clock 
    Info (332119): ========= =================== =====================
    Info (332119):    -0.288              -0.537 UUT|adc_mega_0|ADC_CTRL|adc_pll|auto_generated|pll1|clk[0] 
    Info (332119):     0.119               0.000 clk 
Info (332140): No Recovery paths to report
Info (332140): No Removal paths to report
Info (332146): Worst-case minimum pulse width slack is 4.315
    Info (332119):     Slack       End Point TNS Clock 
    Info (332119): ========= =================== =====================
    Info (332119):     4.315               0.000 clk 
    Info (332119):     4.903               0.000 UUT|adc_mega_0|ADC_CTRL|adc_pll|auto_generated|pll1|clk[0] 
Info (332114): Report Metastability: Found 2 synchronizer chains.
    Info (332114): Worst-Case MTBF of Design is 1e+09 years or 3.15e+16 seconds.
    Info (332114): Typical MTBF of Design is 1e+09 years or 3.15e+16 seconds.

    Info (332114): Number of Synchronizer Chains Found: 2
    Info (332114): Shortest Synchronizer Chain: 2 Registers
    Info (332114): Fraction of Chains for which MTBFs Could Not be Calculated: 0.000
    Info (332114): Worst Case Available Settling Time: 17.938 ns
    Info (332114): 
    Info (332114): Worst-Case MTBF values are calculated based on the worst-case silicon characteristics, with worst-case operating conditions.
    Info (332114):   - Under worst-case conditions, an increase of 100ps in available settling time will increase MTBF values by a factor of 1.8
    Info (332114): Typical MTBF values are calculated based on the nominal silicon characteristics, at nominal operating conditions.
    Info (332114):   - Under typical conditions, an increase of 100ps in available settling time will increase MTBF values by a factor of 3.7
Info (332102): Design is not fully constrained for setup requirements
Info (332102): Design is not fully constrained for hold requirements
Info: Quartus Prime Timing Analyzer was successful. 0 errors, 5 warnings
    Info: Peak virtual memory: 4841 megabytes
    Info: Processing ended: Sat May 13 18:37:21 2023
    Info: Elapsed time: 00:00:06
    Info: Total CPU time (on all processors): 00:00:06


