Flow report for lab7_microphone
Sat May 13 19:11:16 2023
Quartus Prime Version 21.1.0 Build 842 10/21/2021 SJ Lite Edition


---------------------
; Table of Contents ;
---------------------
  1. Legal Notice
  2. Flow Summary
  3. Flow Settings
  4. Flow Non-Default Global Settings
  5. Flow Elapsed Time
  6. Flow OS Summary
  7. Flow Log
  8. Flow Messages
  9. Flow Suppressed Messages



----------------
; Legal Notice ;
----------------
Copyright (C) 2021  Intel Corporation. All rights reserved.
Your use of Intel Corporation's design tools, logic functions 
and other software and tools, and any partner logic 
functions, and any output files from any of the foregoing 
(including device programming or simulation files), and any 
associated documentation or information are expressly subject 
to the terms and conditions of the Intel Program License 
Subscription Agreement, the Intel Quartus Prime License Agreement,
the Intel FPGA IP License Agreement, or other applicable license
agreement, including, without limitation, that your use is for
the sole purpose of programming logic devices manufactured by
Intel and sold by Intel or its authorized distributors.  Please
refer to the applicable agreement for further details, at
https://fpgasoftware.intel.com/eula.



+----------------------------------------------------------------------------------+
; Flow Summary                                                                     ;
+------------------------------------+---------------------------------------------+
; Flow Status                        ; Successful - Sat May 13 19:11:16 2023       ;
; Quartus Prime Version              ; 21.1.0 Build 842 10/21/2021 SJ Lite Edition ;
; Revision Name                      ; lab7_microphone                             ;
; Top-level Entity Name              ; lab7_microphone                             ;
; Family                             ; MAX 10                                      ;
; Device                             ; 10M50DAF484C7G                              ;
; Timing Models                      ; Final                                       ;
; Total logic elements               ; 181 / 49,760 ( < 1 % )                      ;
;     Total combinational functions  ; 153 / 49,760 ( < 1 % )                      ;
;     Dedicated logic registers      ; 120 / 49,760 ( < 1 % )                      ;
; Total registers                    ; 120                                         ;
; Total pins                         ; 12 / 360 ( 3 % )                            ;
; Total virtual pins                 ; 0                                           ;
; Total memory bits                  ; 704 / 1,677,312 ( < 1 % )                   ;
; Embedded Multiplier 9-bit elements ; 0 / 288 ( 0 % )                             ;
; Total PLLs                         ; 1 / 4 ( 25 % )                              ;
; UFM blocks                         ; 0 / 1 ( 0 % )                               ;
; ADC blocks                         ; 1 / 2 ( 50 % )                              ;
+------------------------------------+---------------------------------------------+


+-----------------------------------------+
; Flow Settings                           ;
+-------------------+---------------------+
; Option            ; Setting             ;
+-------------------+---------------------+
; Start date & time ; 05/13/2023 19:10:25 ;
; Main task         ; Compilation         ;
; Revision Name     ; lab7_microphone     ;
+-------------------+---------------------+


+-----------------------------------------------------------------------------------------------------------------------------------------------------------------------------+
; Flow Non-Default Global Settings                                                                                                                                            ;
+-------------------------------------+------------------------------------------------------------------+---------------+----------------+-----------------------------------+
; Assignment Name                     ; Value                                                            ; Default Value ; Entity Name    ; Section Id                        ;
+-------------------------------------+------------------------------------------------------------------+---------------+----------------+-----------------------------------+
; COMPILER_SIGNATURE_ID               ; 26516771634558.168403022410828                                   ; --            ; --             ; --                                ;
; EDA_GENERATE_FUNCTIONAL_NETLIST     ; Off                                                              ; --            ; --             ; eda_board_design_timing           ;
; EDA_GENERATE_FUNCTIONAL_NETLIST     ; Off                                                              ; --            ; --             ; eda_board_design_boundary_scan    ;
; EDA_GENERATE_FUNCTIONAL_NETLIST     ; Off                                                              ; --            ; --             ; eda_board_design_signal_integrity ;
; EDA_GENERATE_FUNCTIONAL_NETLIST     ; Off                                                              ; --            ; --             ; eda_board_design_symbol           ;
; EDA_OUTPUT_DATA_FORMAT              ; Systemverilog Hdl                                                ; --            ; --             ; eda_simulation                    ;
; EDA_SIMULATION_TOOL                 ; Questa Intel FPGA (SystemVerilog)                                ; <None>        ; --             ; --                                ;
; EDA_TIME_SCALE                      ; 1 ps                                                             ; --            ; --             ; eda_simulation                    ;
; MAX_CORE_JUNCTION_TEMP              ; 85                                                               ; --            ; --             ; --                                ;
; MIN_CORE_JUNCTION_TEMP              ; 0                                                                ; --            ; --             ; --                                ;
; MISC_FILE                           ; adc_microphone/synthesis/../adc_microphone.cmp                   ; --            ; --             ; --                                ;
; MISC_FILE                           ; adc_microphone/synthesis/../../adc_microphone.qsys               ; --            ; --             ; --                                ;
; PARTITION_COLOR                     ; -- (Not supported for targeted family)                           ; --            ; --             ; Top                               ;
; PARTITION_FITTER_PRESERVATION_LEVEL ; -- (Not supported for targeted family)                           ; --            ; --             ; Top                               ;
; PARTITION_NETLIST_TYPE              ; -- (Not supported for targeted family)                           ; --            ; --             ; Top                               ;
; POWER_BOARD_THERMAL_MODEL           ; None (CONSERVATIVE)                                              ; --            ; --             ; --                                ;
; POWER_PRESET_COOLING_SOLUTION       ; 23 MM HEAT SINK WITH 200 LFPM AIRFLOW                            ; --            ; --             ; --                                ;
; PROJECT_OUTPUT_DIRECTORY            ; output_files                                                     ; --            ; --             ; --                                ;
; SLD_FILE                            ; adc_microphone/synthesis/adc_microphone.debuginfo                ; --            ; --             ; --                                ;
; SLD_INFO                            ; QSYS_NAME adc_microphone HAS_SOPCINFO 1 GENERATION_ID 1682652311 ; --            ; adc_microphone ; --                                ;
; SOPCINFO_FILE                       ; adc_microphone/synthesis/../../adc_microphone.sopcinfo           ; --            ; --             ; --                                ;
; SYNTHESIS_ONLY_QIP                  ; On                                                               ; --            ; --             ; --                                ;
+-------------------------------------+------------------------------------------------------------------+---------------+----------------+-----------------------------------+


+--------------------------------------------------------------------------------------------------------------------------+
; Flow Elapsed Time                                                                                                        ;
+----------------------+--------------+-------------------------+---------------------+------------------------------------+
; Module Name          ; Elapsed Time ; Average Processors Used ; Peak Virtual Memory ; Total CPU Time (on all processors) ;
+----------------------+--------------+-------------------------+---------------------+------------------------------------+
; Analysis & Synthesis ; 00:00:19     ; 1.0                     ; 4813 MB             ; 00:00:39                           ;
; Fitter               ; 00:00:20     ; 1.0                     ; 5643 MB             ; 00:00:25                           ;
; Assembler            ; 00:00:06     ; 1.0                     ; 4729 MB             ; 00:00:06                           ;
; Total                ; 00:00:45     ; --                      ; --                  ; 00:01:10                           ;
+----------------------+--------------+-------------------------+---------------------+------------------------------------+


+------------------------------------------------------------------------------------+
; Flow OS Summary                                                                    ;
+----------------------+------------------+------------+------------+----------------+
; Module Name          ; Machine Hostname ; OS Name    ; OS Version ; Processor type ;
+----------------------+------------------+------------+------------+----------------+
; Analysis & Synthesis ; DESKTOP-9SD1NFC  ; Windows 10 ; 10.0       ; x86_64         ;
; Fitter               ; DESKTOP-9SD1NFC  ; Windows 10 ; 10.0       ; x86_64         ;
; Assembler            ; DESKTOP-9SD1NFC  ; Windows 10 ; 10.0       ; x86_64         ;
+----------------------+------------------+------------+------------+----------------+


------------
; Flow Log ;
------------
quartus_map --read_settings_files=on --write_settings_files=off lab7_microphone -c lab7_microphone
quartus_fit --read_settings_files=off --write_settings_files=off lab7_microphone -c lab7_microphone
quartus_asm --read_settings_files=off --write_settings_files=off lab7_microphone -c lab7_microphone



