Analysis & Synthesis report for nunchuckDriver
Sat Apr  8 13:05:28 2023
Quartus Prime Version 21.1.0 Build 842 10/21/2021 SJ Lite Edition


---------------------
; Table of Contents ;
---------------------
  1. Legal Notice
  2. Analysis & Synthesis Summary
  3. Analysis & Synthesis Settings
  4. Parallel Compilation
  5. Analysis & Synthesis Messages
  6. Analysis & Synthesis Suppressed Messages



----------------
; Legal Notice ;
----------------
Copyright (C) 2021  Intel Corporation. All rights reserved.
Your use of Intel Corporation's design tools, logic functions 
and other software and tools, and any partner logic 
functions, and any output files from any of the foregoing 
(including device programming or simulation files), and any 
associated documentation or information are expressly subject 
to the terms and conditions of the Intel Program License 
Subscription Agreement, the Intel Quartus Prime License Agreement,
the Intel FPGA IP License Agreement, or other applicable license
agreement, including, without limitation, that your use is for
the sole purpose of programming logic devices manufactured by
Intel and sold by Intel or its authorized distributors.  Please
refer to the applicable agreement for further details, at
https://fpgasoftware.intel.com/eula.



+----------------------------------------------------------------------------------+
; Analysis & Synthesis Summary                                                     ;
+------------------------------------+---------------------------------------------+
; Analysis & Synthesis Status        ; Failed - Sat Apr  8 13:05:28 2023           ;
; Quartus Prime Version              ; 21.1.0 Build 842 10/21/2021 SJ Lite Edition ;
; Revision Name                      ; nunchuckDriver                              ;
; Top-level Entity Name              ; i2cdriver_t                                 ;
; Family                             ; MAX 10                                      ;
; Total logic elements               ; N/A until Partition Merge                   ;
;     Total combinational functions  ; N/A until Partition Merge                   ;
;     Dedicated logic registers      ; N/A until Partition Merge                   ;
; Total registers                    ; N/A until Partition Merge                   ;
; Total pins                         ; N/A until Partition Merge                   ;
; Total virtual pins                 ; N/A until Partition Merge                   ;
; Total memory bits                  ; N/A until Partition Merge                   ;
; Embedded Multiplier 9-bit elements ; N/A until Partition Merge                   ;
; Total PLLs                         ; N/A until Partition Merge                   ;
; UFM blocks                         ; N/A until Partition Merge                   ;
; ADC blocks                         ; N/A until Partition Merge                   ;
+------------------------------------+---------------------------------------------+


+------------------------------------------------------------------------------------------------------------+
; Analysis & Synthesis Settings                                                                              ;
+------------------------------------------------------------------+--------------------+--------------------+
; Option                                                           ; Setting            ; Default Value      ;
+------------------------------------------------------------------+--------------------+--------------------+
; Device                                                           ; 10M50DAF484C7G     ;                    ;
; Top-level entity name                                            ; i2cdriver_t        ; nunchuckDriver     ;
; Family name                                                      ; MAX 10             ; Cyclone V          ;
; Use smart compilation                                            ; Off                ; Off                ;
; Enable parallel Assembler and Timing Analyzer during compilation ; On                 ; On                 ;
; Enable compact report table                                      ; Off                ; Off                ;
; Restructure Multiplexers                                         ; Auto               ; Auto               ;
; Create Debugging Nodes for IP Cores                              ; Off                ; Off                ;
; Preserve fewer node names                                        ; On                 ; On                 ;
; Intel FPGA IP Evaluation Mode                                    ; Enable             ; Enable             ;
; Verilog Version                                                  ; Verilog_2001       ; Verilog_2001       ;
; VHDL Version                                                     ; VHDL_1993          ; VHDL_1993          ;
; State Machine Processing                                         ; Auto               ; Auto               ;
; Safe State Machine                                               ; Off                ; Off                ;
; Extract Verilog State Machines                                   ; On                 ; On                 ;
; Extract VHDL State Machines                                      ; On                 ; On                 ;
; Ignore Verilog initial constructs                                ; Off                ; Off                ;
; Iteration limit for constant Verilog loops                       ; 5000               ; 5000               ;
; Iteration limit for non-constant Verilog loops                   ; 250                ; 250                ;
; Add Pass-Through Logic to Inferred RAMs                          ; On                 ; On                 ;
; Infer RAMs from Raw Logic                                        ; On                 ; On                 ;
; Parallel Synthesis                                               ; On                 ; On                 ;
; DSP Block Balancing                                              ; Auto               ; Auto               ;
; NOT Gate Push-Back                                               ; On                 ; On                 ;
; Power-Up Don't Care                                              ; On                 ; On                 ;
; Remove Redundant Logic Cells                                     ; Off                ; Off                ;
; Remove Duplicate Registers                                       ; On                 ; On                 ;
; Ignore CARRY Buffers                                             ; Off                ; Off                ;
; Ignore CASCADE Buffers                                           ; Off                ; Off                ;
; Ignore GLOBAL Buffers                                            ; Off                ; Off                ;
; Ignore ROW GLOBAL Buffers                                        ; Off                ; Off                ;
; Ignore LCELL Buffers                                             ; Off                ; Off                ;
; Ignore SOFT Buffers                                              ; On                 ; On                 ;
; Limit AHDL Integers to 32 Bits                                   ; Off                ; Off                ;
; Optimization Technique                                           ; Balanced           ; Balanced           ;
; Carry Chain Length                                               ; 70                 ; 70                 ;
; Auto Carry Chains                                                ; On                 ; On                 ;
; Auto Open-Drain Pins                                             ; On                 ; On                 ;
; Perform WYSIWYG Primitive Resynthesis                            ; Off                ; Off                ;
; Auto ROM Replacement                                             ; On                 ; On                 ;
; Auto RAM Replacement                                             ; On                 ; On                 ;
; Auto DSP Block Replacement                                       ; On                 ; On                 ;
; Auto Shift Register Replacement                                  ; Auto               ; Auto               ;
; Allow Shift Register Merging across Hierarchies                  ; Auto               ; Auto               ;
; Auto Clock Enable Replacement                                    ; On                 ; On                 ;
; Strict RAM Replacement                                           ; Off                ; Off                ;
; Allow Synchronous Control Signals                                ; On                 ; On                 ;
; Force Use of Synchronous Clear Signals                           ; Off                ; Off                ;
; Auto RAM Block Balancing                                         ; On                 ; On                 ;
; Auto RAM to Logic Cell Conversion                                ; Off                ; Off                ;
; Auto Resource Sharing                                            ; Off                ; Off                ;
; Allow Any RAM Size For Recognition                               ; Off                ; Off                ;
; Allow Any ROM Size For Recognition                               ; Off                ; Off                ;
; Allow Any Shift Register Size For Recognition                    ; Off                ; Off                ;
; Use LogicLock Constraints during Resource Balancing              ; On                 ; On                 ;
; Ignore translate_off and synthesis_off directives                ; Off                ; Off                ;
; Timing-Driven Synthesis                                          ; On                 ; On                 ;
; Report Parameter Settings                                        ; On                 ; On                 ;
; Report Source Assignments                                        ; On                 ; On                 ;
; Report Connectivity Checks                                       ; On                 ; On                 ;
; Ignore Maximum Fan-Out Assignments                               ; Off                ; Off                ;
; Synchronization Register Chain Length                            ; 2                  ; 2                  ;
; Power Optimization During Synthesis                              ; Normal compilation ; Normal compilation ;
; HDL message level                                                ; Level2             ; Level2             ;
; Suppress Register Optimization Related Messages                  ; Off                ; Off                ;
; Number of Removed Registers Reported in Synthesis Report         ; 5000               ; 5000               ;
; Number of Swept Nodes Reported in Synthesis Report               ; 5000               ; 5000               ;
; Number of Inverted Registers Reported in Synthesis Report        ; 100                ; 100                ;
; Clock MUX Protection                                             ; On                 ; On                 ;
; Auto Gated Clock Conversion                                      ; Off                ; Off                ;
; Block Design Naming                                              ; Auto               ; Auto               ;
; SDC constraint protection                                        ; Off                ; Off                ;
; Synthesis Effort                                                 ; Auto               ; Auto               ;
; Shift Register Replacement - Allow Asynchronous Clear Signal     ; On                 ; On                 ;
; Pre-Mapping Resynthesis Optimization                             ; Off                ; Off                ;
; Analysis & Synthesis Message Level                               ; Medium             ; Medium             ;
; Disable Register Merging Across Hierarchies                      ; Auto               ; Auto               ;
; Resource Aware Inference For Block RAM                           ; On                 ; On                 ;
+------------------------------------------------------------------+--------------------+--------------------+


+------------------------------------------+
; Parallel Compilation                     ;
+----------------------------+-------------+
; Processors                 ; Number      ;
+----------------------------+-------------+
; Number detected on machine ; 8           ;
; Maximum allowed            ; 4           ;
;                            ;             ;
; Average used               ; 1.00        ;
; Maximum used               ; 1           ;
;                            ;             ;
; Usage by Processor         ; % Time Used ;
;     Processor 1            ; 100.0%      ;
+----------------------------+-------------+


+-------------------------------+
; Analysis & Synthesis Messages ;
+-------------------------------+
Info: *******************************************************************
Info: Running Quartus Prime Analysis & Synthesis
    Info: Version 21.1.0 Build 842 10/21/2021 SJ Lite Edition
    Info: Processing started: Sat Apr  8 13:05:12 2023
Info: Command: quartus_map --read_settings_files=on --write_settings_files=off I2CLab -c nunchuckDriver
Warning (18236): Number of processors has not been specified which may cause overloading on shared machines.  Set the global assignment NUM_PARALLEL_PROCESSORS in your QSF to an appropriate value for best performance.
Info (20030): Parallel compilation is enabled and will use 4 of the 4 processors detected
Info (12021): Found 1 design units, including 1 entities, in source file nunchuckdriver.sv
    Info (12023): Found entity 1: nunchuckDriver File: D:/MSI_Backup/Documents/_UCLA/2nd yr/1_fall quarter/Extracurriculars/DAV/Lab4_with_skeleton/nunchuckDriver.sv Line: 1
Info (12021): Found 1 design units, including 1 entities, in source file i2c.sv
    Info (12023): Found entity 1: I2C File: D:/MSI_Backup/Documents/_UCLA/2nd yr/1_fall quarter/Extracurriculars/DAV/Lab4_with_skeleton/I2C.sv Line: 2
Info (12021): Found 1 design units, including 1 entities, in source file iobuffer.sv
    Info (12023): Found entity 1: IOBuffer File: D:/MSI_Backup/Documents/_UCLA/2nd yr/1_fall quarter/Extracurriculars/DAV/Lab4_with_skeleton/IOBuffer.sv Line: 1
Info (12021): Found 1 design units, including 1 entities, in source file nunchuck_translator.sv
    Info (12023): Found entity 1: nunchuckTranslator File: D:/MSI_Backup/Documents/_UCLA/2nd yr/1_fall quarter/Extracurriculars/DAV/Lab4_with_skeleton/nunchuck_translator.sv Line: 4
Info (12021): Found 1 design units, including 1 entities, in source file pollingclock.sv
    Info (12023): Found entity 1: pollingClock File: D:/MSI_Backup/Documents/_UCLA/2nd yr/1_fall quarter/Extracurriculars/DAV/Lab4_with_skeleton/pollingClock.sv Line: 1
Info (12021): Found 1 design units, including 1 entities, in source file i2cclock.v
    Info (12023): Found entity 1: i2cClock File: D:/MSI_Backup/Documents/_UCLA/2nd yr/1_fall quarter/Extracurriculars/DAV/Lab4_with_skeleton/i2cClock.v Line: 40
Info (12021): Found 1 design units, including 1 entities, in source file i2cdriver_t.sv
    Info (12023): Found entity 1: i2cdriver_t File: D:/MSI_Backup/Documents/_UCLA/2nd yr/1_fall quarter/Extracurriculars/DAV/Lab4_with_skeleton/i2cdriver_t.sv Line: 3
Info (12127): Elaborating entity "i2cdriver_t" for the top level hierarchy
Warning (10755): Verilog HDL warning at i2cdriver_t.sv(16): assignments to clk create a combinational loop File: D:/MSI_Backup/Documents/_UCLA/2nd yr/1_fall quarter/Extracurriculars/DAV/Lab4_with_skeleton/i2cdriver_t.sv Line: 16
Info (12128): Elaborating entity "nunchuckDriver" for hierarchy "nunchuckDriver:UUT1" File: D:/MSI_Backup/Documents/_UCLA/2nd yr/1_fall quarter/Extracurriculars/DAV/Lab4_with_skeleton/i2cdriver_t.sv Line: 12
Warning (10858): Verilog HDL warning at nunchuckDriver.sv(24): object dataOut_d used but never assigned File: D:/MSI_Backup/Documents/_UCLA/2nd yr/1_fall quarter/Extracurriculars/DAV/Lab4_with_skeleton/nunchuckDriver.sv Line: 24
Warning (10036): Verilog HDL or VHDL warning at nunchuckDriver.sv(25): object "dataOut" assigned a value but never read File: D:/MSI_Backup/Documents/_UCLA/2nd yr/1_fall quarter/Extracurriculars/DAV/Lab4_with_skeleton/nunchuckDriver.sv Line: 25
Warning (10036): Verilog HDL or VHDL warning at nunchuckDriver.sv(49): object "addr" assigned a value but never read File: D:/MSI_Backup/Documents/_UCLA/2nd yr/1_fall quarter/Extracurriculars/DAV/Lab4_with_skeleton/nunchuckDriver.sv Line: 49
Warning (10230): Verilog HDL assignment warning at nunchuckDriver.sv(91): truncated value with size 32 to match size of target (1) File: D:/MSI_Backup/Documents/_UCLA/2nd yr/1_fall quarter/Extracurriculars/DAV/Lab4_with_skeleton/nunchuckDriver.sv Line: 91
Warning (10240): Verilog HDL Always Construct warning at nunchuckDriver.sv(136): inferring latch(es) for variable "deviceAddr", which holds its previous value in one or more paths through the always construct File: D:/MSI_Backup/Documents/_UCLA/2nd yr/1_fall quarter/Extracurriculars/DAV/Lab4_with_skeleton/nunchuckDriver.sv Line: 136
Warning (10240): Verilog HDL Always Construct warning at nunchuckDriver.sv(136): inferring latch(es) for variable "numBytes_d", which holds its previous value in one or more paths through the always construct File: D:/MSI_Backup/Documents/_UCLA/2nd yr/1_fall quarter/Extracurriculars/DAV/Lab4_with_skeleton/nunchuckDriver.sv Line: 136
Warning (10240): Verilog HDL Always Construct warning at nunchuckDriver.sv(136): inferring latch(es) for variable "write", which holds its previous value in one or more paths through the always construct File: D:/MSI_Backup/Documents/_UCLA/2nd yr/1_fall quarter/Extracurriculars/DAV/Lab4_with_skeleton/nunchuckDriver.sv Line: 136
Warning (10240): Verilog HDL Always Construct warning at nunchuckDriver.sv(136): inferring latch(es) for variable "next_state", which holds its previous value in one or more paths through the always construct File: D:/MSI_Backup/Documents/_UCLA/2nd yr/1_fall quarter/Extracurriculars/DAV/Lab4_with_skeleton/nunchuckDriver.sv Line: 136
Error (10166): SystemVerilog RTL Coding error at nunchuckDriver.sv(136): always_comb construct does not infer purely combinational logic. File: D:/MSI_Backup/Documents/_UCLA/2nd yr/1_fall quarter/Extracurriculars/DAV/Lab4_with_skeleton/nunchuckDriver.sv Line: 136
Warning (10030): Net "dataOut_d" at nunchuckDriver.sv(24) has no driver or initial value, using a default initial value '0' File: D:/MSI_Backup/Documents/_UCLA/2nd yr/1_fall quarter/Extracurriculars/DAV/Lab4_with_skeleton/nunchuckDriver.sv Line: 24
Warning (10030): Net "regAddress" at nunchuckDriver.sv(47) has no driver or initial value, using a default initial value '0' File: D:/MSI_Backup/Documents/_UCLA/2nd yr/1_fall quarter/Extracurriculars/DAV/Lab4_with_skeleton/nunchuckDriver.sv Line: 47
Info (10041): Inferred latch for "next_state.READ2" at nunchuckDriver.sv(136) File: D:/MSI_Backup/Documents/_UCLA/2nd yr/1_fall quarter/Extracurriculars/DAV/Lab4_with_skeleton/nunchuckDriver.sv Line: 136
Info (10041): Inferred latch for "next_state.WRITE" at nunchuckDriver.sv(136) File: D:/MSI_Backup/Documents/_UCLA/2nd yr/1_fall quarter/Extracurriculars/DAV/Lab4_with_skeleton/nunchuckDriver.sv Line: 136
Info (10041): Inferred latch for "next_state.HANDSHAKE2" at nunchuckDriver.sv(136) File: D:/MSI_Backup/Documents/_UCLA/2nd yr/1_fall quarter/Extracurriculars/DAV/Lab4_with_skeleton/nunchuckDriver.sv Line: 136
Info (10041): Inferred latch for "next_state.000" at nunchuckDriver.sv(136) File: D:/MSI_Backup/Documents/_UCLA/2nd yr/1_fall quarter/Extracurriculars/DAV/Lab4_with_skeleton/nunchuckDriver.sv Line: 136
Info (10041): Inferred latch for "write" at nunchuckDriver.sv(136) File: D:/MSI_Backup/Documents/_UCLA/2nd yr/1_fall quarter/Extracurriculars/DAV/Lab4_with_skeleton/nunchuckDriver.sv Line: 136
Info (10041): Inferred latch for "numBytes_d[0]" at nunchuckDriver.sv(136) File: D:/MSI_Backup/Documents/_UCLA/2nd yr/1_fall quarter/Extracurriculars/DAV/Lab4_with_skeleton/nunchuckDriver.sv Line: 136
Info (10041): Inferred latch for "numBytes_d[1]" at nunchuckDriver.sv(136) File: D:/MSI_Backup/Documents/_UCLA/2nd yr/1_fall quarter/Extracurriculars/DAV/Lab4_with_skeleton/nunchuckDriver.sv Line: 136
Info (10041): Inferred latch for "numBytes_d[2]" at nunchuckDriver.sv(136) File: D:/MSI_Backup/Documents/_UCLA/2nd yr/1_fall quarter/Extracurriculars/DAV/Lab4_with_skeleton/nunchuckDriver.sv Line: 136
Info (10041): Inferred latch for "dataIn[0][0]" at nunchuckDriver.sv(136) File: D:/MSI_Backup/Documents/_UCLA/2nd yr/1_fall quarter/Extracurriculars/DAV/Lab4_with_skeleton/nunchuckDriver.sv Line: 136
Info (10041): Inferred latch for "dataIn[0][1]" at nunchuckDriver.sv(136) File: D:/MSI_Backup/Documents/_UCLA/2nd yr/1_fall quarter/Extracurriculars/DAV/Lab4_with_skeleton/nunchuckDriver.sv Line: 136
Info (10041): Inferred latch for "dataIn[0][2]" at nunchuckDriver.sv(136) File: D:/MSI_Backup/Documents/_UCLA/2nd yr/1_fall quarter/Extracurriculars/DAV/Lab4_with_skeleton/nunchuckDriver.sv Line: 136
Info (10041): Inferred latch for "dataIn[0][3]" at nunchuckDriver.sv(136) File: D:/MSI_Backup/Documents/_UCLA/2nd yr/1_fall quarter/Extracurriculars/DAV/Lab4_with_skeleton/nunchuckDriver.sv Line: 136
Info (10041): Inferred latch for "dataIn[0][4]" at nunchuckDriver.sv(136) File: D:/MSI_Backup/Documents/_UCLA/2nd yr/1_fall quarter/Extracurriculars/DAV/Lab4_with_skeleton/nunchuckDriver.sv Line: 136
Info (10041): Inferred latch for "dataIn[0][5]" at nunchuckDriver.sv(136) File: D:/MSI_Backup/Documents/_UCLA/2nd yr/1_fall quarter/Extracurriculars/DAV/Lab4_with_skeleton/nunchuckDriver.sv Line: 136
Info (10041): Inferred latch for "dataIn[0][6]" at nunchuckDriver.sv(136) File: D:/MSI_Backup/Documents/_UCLA/2nd yr/1_fall quarter/Extracurriculars/DAV/Lab4_with_skeleton/nunchuckDriver.sv Line: 136
Info (10041): Inferred latch for "dataIn[0][7]" at nunchuckDriver.sv(136) File: D:/MSI_Backup/Documents/_UCLA/2nd yr/1_fall quarter/Extracurriculars/DAV/Lab4_with_skeleton/nunchuckDriver.sv Line: 136
Info (10041): Inferred latch for "deviceAddr[0]" at nunchuckDriver.sv(136) File: D:/MSI_Backup/Documents/_UCLA/2nd yr/1_fall quarter/Extracurriculars/DAV/Lab4_with_skeleton/nunchuckDriver.sv Line: 136
Info (10041): Inferred latch for "deviceAddr[1]" at nunchuckDriver.sv(136) File: D:/MSI_Backup/Documents/_UCLA/2nd yr/1_fall quarter/Extracurriculars/DAV/Lab4_with_skeleton/nunchuckDriver.sv Line: 136
Info (10041): Inferred latch for "deviceAddr[2]" at nunchuckDriver.sv(136) File: D:/MSI_Backup/Documents/_UCLA/2nd yr/1_fall quarter/Extracurriculars/DAV/Lab4_with_skeleton/nunchuckDriver.sv Line: 136
Info (10041): Inferred latch for "deviceAddr[3]" at nunchuckDriver.sv(136) File: D:/MSI_Backup/Documents/_UCLA/2nd yr/1_fall quarter/Extracurriculars/DAV/Lab4_with_skeleton/nunchuckDriver.sv Line: 136
Info (10041): Inferred latch for "deviceAddr[4]" at nunchuckDriver.sv(136) File: D:/MSI_Backup/Documents/_UCLA/2nd yr/1_fall quarter/Extracurriculars/DAV/Lab4_with_skeleton/nunchuckDriver.sv Line: 136
Info (10041): Inferred latch for "deviceAddr[5]" at nunchuckDriver.sv(136) File: D:/MSI_Backup/Documents/_UCLA/2nd yr/1_fall quarter/Extracurriculars/DAV/Lab4_with_skeleton/nunchuckDriver.sv Line: 136
Info (10041): Inferred latch for "deviceAddr[6]" at nunchuckDriver.sv(136) File: D:/MSI_Backup/Documents/_UCLA/2nd yr/1_fall quarter/Extracurriculars/DAV/Lab4_with_skeleton/nunchuckDriver.sv Line: 136
Error (10028): Can't resolve multiple constant drivers for net "dataOut[5][7]" at nunchuckDriver.sv(64) File: D:/MSI_Backup/Documents/_UCLA/2nd yr/1_fall quarter/Extracurriculars/DAV/Lab4_with_skeleton/nunchuckDriver.sv Line: 64
Error (10029): Constant driver at nunchuckDriver.sv(89) File: D:/MSI_Backup/Documents/_UCLA/2nd yr/1_fall quarter/Extracurriculars/DAV/Lab4_with_skeleton/nunchuckDriver.sv Line: 89
Error (10028): Can't resolve multiple constant drivers for net "dataOut[5][6]" at nunchuckDriver.sv(64) File: D:/MSI_Backup/Documents/_UCLA/2nd yr/1_fall quarter/Extracurriculars/DAV/Lab4_with_skeleton/nunchuckDriver.sv Line: 64
Error (10028): Can't resolve multiple constant drivers for net "dataOut[5][5]" at nunchuckDriver.sv(64) File: D:/MSI_Backup/Documents/_UCLA/2nd yr/1_fall quarter/Extracurriculars/DAV/Lab4_with_skeleton/nunchuckDriver.sv Line: 64
Error (10028): Can't resolve multiple constant drivers for net "dataOut[5][4]" at nunchuckDriver.sv(64) File: D:/MSI_Backup/Documents/_UCLA/2nd yr/1_fall quarter/Extracurriculars/DAV/Lab4_with_skeleton/nunchuckDriver.sv Line: 64
Error (10028): Can't resolve multiple constant drivers for net "dataOut[5][3]" at nunchuckDriver.sv(64) File: D:/MSI_Backup/Documents/_UCLA/2nd yr/1_fall quarter/Extracurriculars/DAV/Lab4_with_skeleton/nunchuckDriver.sv Line: 64
Error (10028): Can't resolve multiple constant drivers for net "dataOut[5][2]" at nunchuckDriver.sv(64) File: D:/MSI_Backup/Documents/_UCLA/2nd yr/1_fall quarter/Extracurriculars/DAV/Lab4_with_skeleton/nunchuckDriver.sv Line: 64
Error (10028): Can't resolve multiple constant drivers for net "dataOut[5][1]" at nunchuckDriver.sv(64) File: D:/MSI_Backup/Documents/_UCLA/2nd yr/1_fall quarter/Extracurriculars/DAV/Lab4_with_skeleton/nunchuckDriver.sv Line: 64
Error (10028): Can't resolve multiple constant drivers for net "dataOut[5][0]" at nunchuckDriver.sv(64) File: D:/MSI_Backup/Documents/_UCLA/2nd yr/1_fall quarter/Extracurriculars/DAV/Lab4_with_skeleton/nunchuckDriver.sv Line: 64
Error (10028): Can't resolve multiple constant drivers for net "dataOut[4][7]" at nunchuckDriver.sv(64) File: D:/MSI_Backup/Documents/_UCLA/2nd yr/1_fall quarter/Extracurriculars/DAV/Lab4_with_skeleton/nunchuckDriver.sv Line: 64
Error (10028): Can't resolve multiple constant drivers for net "dataOut[4][6]" at nunchuckDriver.sv(64) File: D:/MSI_Backup/Documents/_UCLA/2nd yr/1_fall quarter/Extracurriculars/DAV/Lab4_with_skeleton/nunchuckDriver.sv Line: 64
Error (10028): Can't resolve multiple constant drivers for net "dataOut[4][5]" at nunchuckDriver.sv(64) File: D:/MSI_Backup/Documents/_UCLA/2nd yr/1_fall quarter/Extracurriculars/DAV/Lab4_with_skeleton/nunchuckDriver.sv Line: 64
Error (10028): Can't resolve multiple constant drivers for net "dataOut[4][4]" at nunchuckDriver.sv(64) File: D:/MSI_Backup/Documents/_UCLA/2nd yr/1_fall quarter/Extracurriculars/DAV/Lab4_with_skeleton/nunchuckDriver.sv Line: 64
Error (10028): Can't resolve multiple constant drivers for net "dataOut[4][3]" at nunchuckDriver.sv(64) File: D:/MSI_Backup/Documents/_UCLA/2nd yr/1_fall quarter/Extracurriculars/DAV/Lab4_with_skeleton/nunchuckDriver.sv Line: 64
Error (10028): Can't resolve multiple constant drivers for net "dataOut[4][2]" at nunchuckDriver.sv(64) File: D:/MSI_Backup/Documents/_UCLA/2nd yr/1_fall quarter/Extracurriculars/DAV/Lab4_with_skeleton/nunchuckDriver.sv Line: 64
Error (10028): Can't resolve multiple constant drivers for net "dataOut[4][1]" at nunchuckDriver.sv(64) File: D:/MSI_Backup/Documents/_UCLA/2nd yr/1_fall quarter/Extracurriculars/DAV/Lab4_with_skeleton/nunchuckDriver.sv Line: 64
Error (10028): Can't resolve multiple constant drivers for net "dataOut[4][0]" at nunchuckDriver.sv(64) File: D:/MSI_Backup/Documents/_UCLA/2nd yr/1_fall quarter/Extracurriculars/DAV/Lab4_with_skeleton/nunchuckDriver.sv Line: 64
Error (10028): Can't resolve multiple constant drivers for net "dataOut[3][7]" at nunchuckDriver.sv(64) File: D:/MSI_Backup/Documents/_UCLA/2nd yr/1_fall quarter/Extracurriculars/DAV/Lab4_with_skeleton/nunchuckDriver.sv Line: 64
Error (10028): Can't resolve multiple constant drivers for net "dataOut[3][6]" at nunchuckDriver.sv(64) File: D:/MSI_Backup/Documents/_UCLA/2nd yr/1_fall quarter/Extracurriculars/DAV/Lab4_with_skeleton/nunchuckDriver.sv Line: 64
Error (12152): Can't elaborate user hierarchy "nunchuckDriver:UUT1" File: D:/MSI_Backup/Documents/_UCLA/2nd yr/1_fall quarter/Extracurriculars/DAV/Lab4_with_skeleton/i2cdriver_t.sv Line: 12
Info (144001): Generated suppressed messages file D:/MSI_Backup/Documents/_UCLA/2nd yr/1_fall quarter/Extracurriculars/DAV/Lab4_with_skeleton/output_files/nunchuckDriver.map.smsg
Error: Quartus Prime Analysis & Synthesis was unsuccessful. 21 errors, 12 warnings
    Error: Peak virtual memory: 4725 megabytes
    Error: Processing ended: Sat Apr  8 13:05:28 2023
    Error: Elapsed time: 00:00:16
    Error: Total CPU time (on all processors): 00:00:36


+------------------------------------------+
; Analysis & Synthesis Suppressed Messages ;
+------------------------------------------+
The suppressed messages can be found in D:/MSI_Backup/Documents/_UCLA/2nd yr/1_fall quarter/Extracurriculars/DAV/Lab4_with_skeleton/output_files/nunchuckDriver.map.smsg.


